[    0.000000] Linux version 4.15.0-154-generic (buildd@lcy01-amd64-011) (gcc version 7.5.0 (Ubuntu 7.5.0-3ubuntu1~18.04)) #161-Ubuntu SMP Fri Jul 30 13:04:17 UTC 2021 (Ubuntu 4.15.0-154.161-generic 4.15.18)
[    0.000000] Command line: BOOT_IMAGE=/boot/vmlinuz-4.15.0-154-generic root=UUID=113d0c0e-1f54-4cc5-ac3c-89c9f92f285b ro console=tty1 console=ttyS0
[    0.000000] KERNEL supported cpus:
[    0.000000]   Intel GenuineIntel
[    0.000000]   AMD AuthenticAMD
[    0.000000]   Centaur CentaurHauls
[    0.000000] x86/fpu: x87 FPU will use FXSAVE
[    0.000000] e820: BIOS-provided physical RAM map:
[    0.000000] BIOS-e820: [mem 0x0000000000000000-0x000000000009fbff] usable
[    0.000000] BIOS-e820: [mem 0x000000000009fc00-0x000000000009ffff] reserved
[    0.000000] BIOS-e820: [mem 0x00000000000f0000-0x00000000000fffff] reserved
[    0.000000] BIOS-e820: [mem 0x0000000000100000-0x000000003ffeffff] usable
[    0.000000] BIOS-e820: [mem 0x000000003fff0000-0x000000003fffffff] ACPI data
[    0.000000] BIOS-e820: [mem 0x00000000fec00000-0x00000000fec00fff] reserved
[    0.000000] BIOS-e820: [mem 0x00000000fee00000-0x00000000fee00fff] reserved
[    0.000000] BIOS-e820: [mem 0x00000000fffc0000-0x00000000ffffffff] reserved
[    0.000000] NX (Execute Disable) protection: active
[    0.000000] SMBIOS 2.5 present.
[    0.000000] DMI: innotek GmbH VirtualBox/VirtualBox, BIOS VirtualBox 12/01/2006
[    0.000000] Hypervisor detected: KVM
[    0.000000] e820: last_pfn = 0x3fff0 max_arch_pfn = 0x400000000
[    0.000000] MTRR: Disabled
[    0.000000] x86/PAT: MTRRs disabled, skipping PAT initialization too.
[    0.000000] CPU MTRRs all blank - virtualized system.
[    0.000000] x86/PAT: Configuration [0-7]: WB  WT  UC- UC  WB  WT  UC- UC  
[    0.000000] found SMP MP-table at [mem 0x0009fff0-0x0009ffff]
[    0.000000] Scanning 1 areas for low memory corruption
[    0.000000] RAMDISK: [mem 0x3581d000-0x36c05fff]
[    0.000000] ACPI: Early table checksum verification disabled
[    0.000000] ACPI: RSDP 0x00000000000E0000 000024 (v02 VBOX  )
[    0.000000] ACPI: XSDT 0x000000003FFF0030 00003C (v01 VBOX   VBOXXSDT 00000001 ASL  00000061)
[    0.000000] ACPI: FACP 0x000000003FFF00F0 0000F4 (v04 VBOX   VBOXFACP 00000001 ASL  00000061)
[    0.000000] ACPI: DSDT 0x000000003FFF0470 002325 (v02 VBOX   VBOXBIOS 00000002 INTL 20100528)
[    0.000000] ACPI: FACS 0x000000003FFF0200 000040
[    0.000000] ACPI: FACS 0x000000003FFF0200 000040
[    0.000000] ACPI: APIC 0x000000003FFF0240 00005C (v02 VBOX   VBOXAPIC 00000001 ASL  00000061)
[    0.000000] ACPI: SSDT 0x000000003FFF02A0 0001CC (v01 VBOX   VBOXCPUT 00000002 INTL 20100528)
[    0.000000] ACPI: Reserving FACP table memory at [mem 0x3fff00f0-0x3fff01e3]
[    0.000000] ACPI: Reserving DSDT table memory at [mem 0x3fff0470-0x3fff2794]
[    0.000000] ACPI: Reserving FACS table memory at [mem 0x3fff0200-0x3fff023f]
[    0.000000] ACPI: Reserving FACS table memory at [mem 0x3fff0200-0x3fff023f]
[    0.000000] ACPI: Reserving APIC table memory at [mem 0x3fff0240-0x3fff029b]
[    0.000000] ACPI: Reserving SSDT table memory at [mem 0x3fff02a0-0x3fff046b]
[    0.000000] No NUMA configuration found
[    0.000000] Faking a node at [mem 0x0000000000000000-0x000000003ffeffff]
[    0.000000] NODE_DATA(0) allocated [mem 0x3ffc5000-0x3ffeffff]
[    0.000000] kvm-clock: cpu 0, msr 0:3ff44001, primary cpu clock
[    0.000000] kvm-clock: Using msrs 4b564d01 and 4b564d00
[    0.000000] kvm-clock: using sched offset of 4991722975 cycles
[    0.000000] clocksource: kvm-clock: mask: 0xffffffffffffffff max_cycles: 0x1cd42e4dffb, max_idle_ns: 881590591483 ns
[    0.000000] Zone ranges:
[    0.000000]   DMA      [mem 0x0000000000001000-0x0000000000ffffff]
[    0.000000]   DMA32    [mem 0x0000000001000000-0x000000003ffeffff]
[    0.000000]   Normal   empty
[    0.000000]   Device   empty
[    0.000000] Movable zone start for each node
[    0.000000] Early memory node ranges
[    0.000000]   node   0: [mem 0x0000000000001000-0x000000000009efff]
[    0.000000]   node   0: [mem 0x0000000000100000-0x000000003ffeffff]
[    0.000000] Reserved but unavailable: 104 pages
[    0.000000] Initmem setup node 0 [mem 0x0000000000001000-0x000000003ffeffff]
[    0.000000] ACPI: PM-Timer IO Port: 0x4008
[    0.000000] IOAPIC[0]: apic_id 2, version 32, address 0xfec00000, GSI 0-23
[    0.000000] ACPI: INT_SRC_OVR (bus 0 bus_irq 0 global_irq 2 dfl dfl)
[    0.000000] ACPI: INT_SRC_OVR (bus 0 bus_irq 9 global_irq 9 low level)
[    0.000000] Using ACPI (MADT) for SMP configuration information
[    0.000000] smpboot: Allowing 2 CPUs, 0 hotplug CPUs
[    0.000000] PM: Registered nosave memory: [mem 0x00000000-0x00000fff]
[    0.000000] PM: Registered nosave memory: [mem 0x0009f000-0x0009ffff]
[    0.000000] PM: Registered nosave memory: [mem 0x000a0000-0x000effff]
[    0.000000] PM: Registered nosave memory: [mem 0x000f0000-0x000fffff]
[    0.000000] e820: [mem 0x40000000-0xfebfffff] available for PCI devices
[    0.000000] Booting paravirtualized kernel on KVM
[    0.000000] clocksource: refined-jiffies: mask: 0xffffffff max_cycles: 0xffffffff, max_idle_ns: 7645519600211568 ns
[    0.000000] random: get_random_bytes called from start_kernel+0x99/0x500 with crng_init=0
[    0.000000] setup_percpu: NR_CPUS:8192 nr_cpumask_bits:2 nr_cpu_ids:2 nr_node_ids:1
[    0.000000] percpu: Embedded 45 pages/cpu s147456 r8192 d28672 u1048576
[    0.000000] PV qspinlock hash table entries: 256 (order: 0, 4096 bytes)
[    0.000000] Built 1 zonelists, mobility grouping on.  Total pages: 257913
[    0.000000] Policy zone: DMA32
[    0.000000] Kernel command line: BOOT_IMAGE=/boot/vmlinuz-4.15.0-154-generic root=UUID=113d0c0e-1f54-4cc5-ac3c-89c9f92f285b ro console=tty1 console=ttyS0
[    0.000000] Memory: 981848K/1048120K available (12300K kernel code, 2483K rwdata, 4320K rodata, 2448K init, 2724K bss, 66272K reserved, 0K cma-reserved)
[    0.000000] SLUB: HWalign=64, Order=0-3, MinObjects=0, CPUs=2, Nodes=1
[    0.000000] Kernel/User page tables isolation: enabled
[    0.000000] ftrace: allocating 39461 entries in 155 pages
[    0.004000] Hierarchical RCU implementation.
[    0.004000] 	RCU restricting CPUs from NR_CPUS=8192 to nr_cpu_ids=2.
[    0.004000] 	Tasks RCU enabled.
[    0.004000] RCU: Adjusting geometry for rcu_fanout_leaf=16, nr_cpu_ids=2
[    0.004000] NR_IRQS: 524544, nr_irqs: 440, preallocated irqs: 16
[    0.004000] Console: colour VGA+ 80x25
[    0.004000] console [tty1] enabled
[    0.004000] console [ttyS0] enabled
[    0.004000] ACPI: Core revision 20170831
[    0.004000] ACPI: 2 ACPI AML tables successfully acquired and loaded
[    0.004000] APIC: Switch to symmetric I/O mode setup
[    0.004000] ..TIMER: vector=0x30 apic1=0 pin1=2 apic2=-1 pin2=-1
[    0.004006] tsc: Detected 3503.996 MHz processor
[    0.008011] Calibrating delay loop (skipped) preset value.. 7007.99 BogoMIPS (lpj=14015984)
[    0.012006] pid_max: default: 32768 minimum: 301
[    0.020081] Security Framework initialized
[    0.024007] Yama: becoming mindful.
[    0.027051] AppArmor: AppArmor initialized
[    0.032660] Dentry cache hash table entries: 131072 (order: 8, 1048576 bytes)
[    0.043701] Inode-cache hash table entries: 65536 (order: 7, 524288 bytes)
[    0.044096] Mount-cache hash table entries: 2048 (order: 2, 16384 bytes)
[    0.048083] Mountpoint-cache hash table entries: 2048 (order: 2, 16384 bytes)
[    0.053244] Last level iTLB entries: 4KB 128, 2MB 8, 4MB 8
[    0.056005] Last level dTLB entries: 4KB 64, 2MB 0, 4MB 0, 1GB 4
[    0.060006] Spectre V1 : Mitigation: usercopy/swapgs barriers and __user pointer sanitization
[    0.064005] Spectre V2 : Mitigation: Full generic retpoline
[    0.068004] Spectre V2 : Spectre v2 / SpectreRSB mitigation: Filling RSB on context switch
[    0.072004] Speculative Store Bypass: Vulnerable
[    0.076039] MDS: Mitigation: Clear CPU buffers
[    0.080147] Freeing SMP alternatives memory: 36K
[    0.195117] smpboot: CPU0: Intel(R) Core(TM) i5-7600 CPU @ 3.50GHz (family: 0x6, model: 0x9e, stepping: 0x9)
[    0.196496] Performance Events: unsupported p6 CPU model 158 no PMU driver, software events only.
[    0.200113] Hierarchical SRCU implementation.
[    0.204936] NMI watchdog: Perf event create on CPU 0 failed with -2
[    0.208004] NMI watchdog: Perf NMI watchdog permanently disabled
[    0.212339] smp: Bringing up secondary CPUs ...
[    0.217238] x86: Booting SMP configuration:
[    0.220004] .... node  #0, CPUs:      #1
[    0.004000] kvm-clock: cpu 1, msr 0:3ff44041, secondary cpu clock
[    0.231701] TSC synchronization [CPU#0 -> CPU#1]:
[    0.232000] Measured 91741 cycles TSC warp between CPUs, turning off TSC clock.
[    0.232000] tsc: Marking TSC unstable due to check_tsc_sync_source failed
[    0.236258] smp: Brought up 1 node, 2 CPUs
[    0.240006] smpboot: Max logical packages: 1
[    0.244007] smpboot: Total of 2 processors activated (14015.98 BogoMIPS)
[    0.248686] devtmpfs: initialized
[    0.252191] x86/mm: Memory block size: 128MB
[    0.256450] evm: security.selinux
[    0.260004] evm: security.SMACK64
[    0.264003] evm: security.SMACK64EXEC
[    0.266679] evm: security.SMACK64TRANSMUTE
[    0.268002] evm: security.SMACK64MMAP
[    0.272002] evm: security.apparmor
[    0.276003] evm: security.ima
[    0.278189] evm: security.capability
[    0.284213] clocksource: jiffies: mask: 0xffffffff max_cycles: 0xffffffff, max_idle_ns: 7645041785100000 ns
[    0.288039] futex hash table entries: 512 (order: 3, 32768 bytes)
[    0.292188] pinctrl core: initialized pinctrl subsystem
[    0.296489] RTC time: 15:11:20, date: 09/09/21
[    0.304606] NET: Registered protocol family 16
[    0.308118] audit: initializing netlink subsys (disabled)
[    0.312201] audit: type=2000 audit(1631200285.823:1): state=initialized audit_enabled=0 res=1
[    0.324009] cpuidle: using governor ladder
[    0.328013] cpuidle: using governor menu
[    0.332045] ACPI: bus type PCI registered
[    0.336007] acpiphp: ACPI Hot Plug PCI Controller Driver version: 0.5
[    0.340480] PCI: Using configuration type 1 for base access
[    0.348470] HugeTLB registered 2.00 MiB page size, pre-allocated 0 pages
[    0.360302] ACPI: Added _OSI(Module Device)
[    0.364006] ACPI: Added _OSI(Processor Device)
[    0.368005] ACPI: Added _OSI(3.0 _SCP Extensions)
[    0.372004] ACPI: Added _OSI(Processor Aggregator Device)
[    0.376006] ACPI: Added _OSI(Linux-Dell-Video)
[    0.380006] ACPI: Added _OSI(Linux-Lenovo-NV-HDMI-Audio)
[    0.384006] ACPI: Added _OSI(Linux-HPI-Hybrid-Graphics)
[    0.388871] ACPI: Executed 1 blocks of module-level executable AML code
[    0.398594] ACPI: Interpreter enabled
[    0.400020] ACPI: (supports S0 S5)
[    0.404003] ACPI: Using IOAPIC for interrupt routing
[    0.408381] PCI: Using host bridge windows from ACPI; if necessary, use "pci=nocrs" and report a bug
[    0.412388] ACPI: Enabled 2 GPEs in block 00 to 07
[    0.433354] ACPI: PCI Root Bridge [PCI0] (domain 0000 [bus 00-ff])
[    0.436016] acpi PNP0A03:00: _OSC: OS supports [ASPM ClockPM Segments MSI]
[    0.440703] acpi PNP0A03:00: _OSC: not requesting OS control; OS requires [ExtendedConfig ASPM ClockPM MSI]
[    0.444021] acpi PNP0A03:00: fail to add MMCONFIG information, can't access extended PCI configuration space under this bridge.
[    0.448834] PCI host bridge to bus 0000:00
[    0.452007] pci_bus 0000:00: root bus resource [io  0x0000-0x0cf7 window]
[    0.456008] pci_bus 0000:00: root bus resource [io  0x0d00-0xffff window]
[    0.460007] pci_bus 0000:00: root bus resource [mem 0x000a0000-0x000bffff window]
[    0.464007] pci_bus 0000:00: root bus resource [mem 0x40000000-0xfdffffff window]
[    0.468008] pci_bus 0000:00: root bus resource [bus 00-ff]
[    0.476799] pci 0000:00:01.1: legacy IDE quirk: reg 0x10: [io  0x01f0-0x01f7]
[    0.480007] pci 0000:00:01.1: legacy IDE quirk: reg 0x14: [io  0x03f6]
[    0.484006] pci 0000:00:01.1: legacy IDE quirk: reg 0x18: [io  0x0170-0x0177]
[    0.488007] pci 0000:00:01.1: legacy IDE quirk: reg 0x1c: [io  0x0376]
[    0.557522] pci 0000:00:07.0: quirk: [io  0x4000-0x403f] claimed by PIIX4 ACPI
[    0.560030] pci 0000:00:07.0: quirk: [io  0x4100-0x410f] claimed by PIIX4 SMB
[    0.573696] ACPI: PCI Interrupt Link [LNKA] (IRQs 5 9 10 *11)
[    0.576574] ACPI: PCI Interrupt Link [LNKB] (IRQs 5 9 *10 11)
[    0.580255] ACPI: PCI Interrupt Link [LNKC] (IRQs 5 *9 10 11)
[    0.584182] ACPI: PCI Interrupt Link [LNKD] (IRQs 5 9 10 *11)
[    0.592807] SCSI subsystem initialized
[    0.596184] pci 0000:00:02.0: vgaarb: setting as boot VGA device
[    0.600000] pci 0000:00:02.0: vgaarb: VGA device added: decodes=io+mem,owns=io+mem,locks=none
[    0.600009] pci 0000:00:02.0: vgaarb: bridge control possible
[    0.604006] vgaarb: loaded
[    0.608150] ACPI: bus type USB registered
[    0.612070] usbcore: registered new interface driver usbfs
[    0.616022] usbcore: registered new interface driver hub
[    0.620019] usbcore: registered new device driver usb
[    0.628377] EDAC MC: Ver: 3.0.0
[    0.632941] PCI: Using ACPI for IRQ routing
[    0.636576] NetLabel: Initializing
[    0.639281] NetLabel:  domain hash size = 128
[    0.640003] NetLabel:  protocols = UNLABELED CIPSOv4 CALIPSO
[    0.644025] NetLabel:  unlabeled traffic allowed by default
[    0.648417] clocksource: Switched to clocksource kvm-clock
[    0.656619] VFS: Disk quotas dquot_6.6.0
[    0.656619] VFS: Dquot-cache hash table entries: 512 (order 0, 4096 bytes)
[    0.656619] AppArmor: AppArmor Filesystem Enabled
[    0.656619] pnp: PnP ACPI init
[    0.656619] pnp: PnP ACPI: found 3 devices
[    0.772348] clocksource: acpi_pm: mask: 0xffffff max_cycles: 0xffffff, max_idle_ns: 2085701024 ns
[    0.776293] NET: Registered protocol family 2
[    0.782925] TCP established hash table entries: 8192 (order: 4, 65536 bytes)
[    0.790388] TCP bind hash table entries: 8192 (order: 5, 131072 bytes)
[    0.794083] TCP: Hash tables configured (established 8192 bind 8192)
[    0.794083] UDP hash table entries: 512 (order: 2, 16384 bytes)
[    0.794083] UDP-Lite hash table entries: 512 (order: 2, 16384 bytes)
[    0.794083] NET: Registered protocol family 1
[    0.794083] pci 0000:00:00.0: Limiting direct PCI/PCI transfers
[    0.794083] pci 0000:00:01.0: Activating ISA DMA hang workarounds
[    0.794083] pci 0000:00:02.0: Video device with shadowed ROM at [mem 0x000c0000-0x000dffff]
[    0.794083] Unpacking initramfs...
[    1.401448] Freeing initrd memory: 20388K
[    1.401448] clocksource: tsc: mask: 0xffffffffffffffff max_cycles: 0x32820fce838, max_idle_ns: 440795321409 ns
[    1.401448] platform rtc_cmos: registered platform RTC device (no PNP device found)
[    1.401448] Scanning for low memory corruption every 60 seconds
[    1.438037] Initialise system trusted keyrings
[    1.440732] Key type blacklist registered
[    1.446608] workingset: timestamp_bits=36 max_order=18 bucket_order=0
[    1.456028] zbud: loaded
[    1.459816] squashfs: version 4.0 (2009/01/31) Phillip Lougher
[    1.465902] fuse init (API version 7.26)
[    1.526574] Key type asymmetric registered
[    1.531147] Asymmetric key parser 'x509' registered
[    1.535310] Block layer SCSI generic (bsg) driver version 0.4 loaded (major 246)
[    1.542291] io scheduler noop registered
[    1.546437] io scheduler deadline registered
[    1.549746] io scheduler cfq registered (default)
[    1.554064] ACPI: AC Adapter [AC] (on-line)
[    1.558006] input: Power Button as /devices/LNXSYSTM:00/LNXPWRBN:00/input/input0
[    1.565094] ACPI: Power Button [PWRF]
[    1.569016] input: Sleep Button as /devices/LNXSYSTM:00/LNXSLPBN:00/input/input1
[    1.575580] ACPI: Sleep Button [SLPF]
[    1.580456] Serial: 8250/16550 driver, 32 ports, IRQ sharing enabled
[    1.610664] 00:02: ttyS0 at I/O 0x3f8 (irq = 4, base_baud = 115200) is a 16550A
[    1.641695] Linux agpgart interface v0.103
[    1.656828] loop: module loaded
[    1.662516] scsi host0: ata_piix
[    1.666809] scsi host1: ata_piix
[    1.669585] ata1: PATA max UDMA/33 cmd 0x1f0 ctl 0x3f6 bmdma 0xd000 irq 14
[    1.670709] ata2: PATA max UDMA/33 cmd 0x170 ctl 0x376 bmdma 0xd008 irq 15
[    1.680722] libphy: Fixed MDIO Bus: probed
[    1.686470] tun: Universal TUN/TAP device driver, 1.6
[    1.691979] PPP generic driver version 2.4.2
[    1.696613] ehci_hcd: USB 2.0 'Enhanced' Host Controller (EHCI) Driver
[    1.701532] ehci-pci: EHCI PCI platform driver
[    1.704783] ehci-platform: EHCI generic platform driver
[    1.708330] ohci_hcd: USB 1.1 'Open' Host Controller (OHCI) Driver
[    1.714024] ohci-pci: OHCI PCI platform driver
[    1.717275] ohci-platform: OHCI generic platform driver
[    1.720870] uhci_hcd: USB Universal Host Controller Interface driver
[    1.727118] i8042: PNP: PS/2 Controller [PNP0303:PS2K,PNP0f03:PS2M] at 0x60,0x64 irq 1,12
[    1.737183] serio: i8042 KBD port at 0x60,0x64 irq 1
[    1.741121] serio: i8042 AUX port at 0x60,0x64 irq 12
[    1.746232] mousedev: PS/2 mouse device common for all mice
[    1.754861] rtc_cmos rtc_cmos: rtc core: registered rtc_cmos as rtc0
[    1.761987] input: AT Translated Set 2 keyboard as /devices/platform/i8042/serio0/input/input2
[    1.768602] rtc_cmos rtc_cmos: alarms up to one day, 114 bytes nvram
[    1.773528] i2c /dev entries driver
[    1.776958] device-mapper: uevent: version 1.0.3
[    1.781084] device-mapper: ioctl: 4.37.0-ioctl (2017-09-20) initialised: dm-devel@redhat.com
[    1.788334] ledtrig-cpu: registered to indicate activity on CPUs
[    1.795816] NET: Registered protocol family 10
[    1.809382] Segment Routing with IPv6
[    1.812519] NET: Registered protocol family 17
[    1.816514] Key type dns_resolver registered
[    1.821716] mce: Using 0 MCE banks
[    1.825210] RAS: Correctable Errors collector initialized.
[    1.830988] sched_clock: Marking stable (1830933707, 0)->(2909203413, -1078269706)
[    1.840451] registered taskstats version 1
[    1.843866] Loading compiled-in X.509 certificates
[    1.911056] Loaded X.509 cert 'Build time autogenerated kernel key: 369b16149153afe509b010c5493c788cd1d7da9f'
[    1.921828] Loaded X.509 cert 'Canonical Ltd. Live Patch Signing: 14df34d1a87cf37625abec039ef2bf521249b969'
[    1.931079] Loaded X.509 cert 'Canonical Ltd. Kernel Module Signing: 88f752e560a1e0737e31163a466ad7b70a850c19'
[    1.941946] zswap: loaded using pool lzo/zbud
[    1.953751] Key type big_key registered
[    1.957087] Key type trusted registered
[    1.964915] Key type encrypted registered
[    1.968305] AppArmor: AppArmor sha1 policy hashing enabled
[    1.973582] ima: No TPM chip found, activating TPM-bypass! (rc=-19)
[    1.980326] ima: Allocated hash algorithm: sha1
[    1.984595] evm: HMAC attrs: 0x1
[    1.987748]   Magic number: 5:900:183
[    1.992686] rtc_cmos rtc_cmos: setting system clock to 2021-09-09 15:11:22 UTC (1631200282)
[    1.999729] BIOS EDD facility v0.16 2004-Jun-25, 0 devices found
[    2.006099] EDD information not available.
[    2.012661] Freeing unused kernel image memory: 2448K
[    2.038103] Write protecting the kernel read-only data: 20480k
[    2.044848] Freeing unused kernel image memory: 2008K
[    2.049164] Freeing unused kernel image memory: 1824K
[    2.060449] x86/mm: Checked W+X mappings: passed, no W+X pages found.
[    2.064907] x86/mm: Checking user space page tables
[    2.075082] x86/mm: Checked W+X mappings: passed, no W+X pages found.
Loading, please wait...
starting version 237
[    2.167175] e1000: Intel(R) PRO/1000 Network Driver - version 7.3.21-k8-NAPI
[    2.173582] e1000: Copyright (c) 1999-2006 Intel Corporation.
[    2.178821] Fusion MPT base driver 3.04.20
[    2.182950] Copyright (c) 1999-2008 LSI Corporation
[    2.195700] Fusion MPT SPI Host driver 3.04.20
[    2.424160] input: ImExPS/2 Generic Explorer Mouse as /devices/platform/i8042/serio1/input/input4
[    2.922990] e1000 0000:00:03.0 eth0: (PCI:33MHz:32-bit) 02:bb:09:5e:a9:26
[    2.930707] e1000 0000:00:03.0 eth0: Intel(R) PRO/1000 Network Connection
[    2.937827] mptbase: ioc0: Initiating bringup
[    3.051156] ioc0: LSI53C1030 A0: Capabilities={Initiator}
[    3.330882] scsi host2: ioc0: LSI53C1030 A0, FwRev=00000000h, Ports=1, MaxQ=256, IRQ=20
[    3.506839] scsi 2:0:0:0: Direct-Access     VBOX     HARDDISK         1.0  PQ: 0 ANSI: 5
[    3.568246] scsi target2:0:0: Beginning Domain Validation
[    3.610949] scsi target2:0:0: Domain Validation skipping write tests
[    3.622869] scsi target2:0:0: Ending Domain Validation
[    3.628601] scsi target2:0:0: asynchronous
[    3.636620] scsi 2:0:1:0: Direct-Access     VBOX     HARDDISK         1.0  PQ: 0 ANSI: 5
[    3.932188] scsi target2:0:1: Beginning Domain Validation
[    3.937144] random: fast init done
[    3.945813] scsi target2:0:1: Domain Validation skipping write tests
[    3.952125] scsi target2:0:1: Ending Domain Validation
[    3.956768] scsi target2:0:1: asynchronous
[    3.973518] random: systemd-udevd: uninitialized urandom read (16 bytes read)
[    3.979967] sd 2:0:0:0: Attached scsi generic sg0 type 0
[    3.985675] sd 2:0:1:0: Attached scsi generic sg1 type 0
[    3.991747] sd 2:0:1:0: [sdb] 20480 512-byte logical blocks: (10.5 MB/10.0 MiB)
[    3.999585] random: systemd-udevd: uninitialized urandom read (16 bytes read)
[    4.006497] sd 2:0:1:0: [sdb] Write Protect is off
[    4.012845] sd 2:0:1:0: [sdb] Incomplete mode parameter data
[    4.017856] sd 2:0:1:0: [sdb] Assuming drive cache: write through
[    4.022743] random: systemd-udevd: uninitialized urandom read (16 bytes read)
[    4.024873] sd 2:0:0:0: [sda] 83886080 512-byte logical blocks: (42.9 GB/40.0 GiB)
[    4.044612] sd 2:0:0:0: [sda] Write Protect is off
[    4.050164] sd 2:0:0:0: [sda] Incomplete mode parameter data
[    4.057011] sd 2:0:0:0: [sda] Assuming drive cache: write through
[    4.064767] sd 2:0:1:0: [sdb] Attached SCSI disk
[    4.076461]  sda: sda1
[    4.088301] sd 2:0:0:0: [sda] Attached SCSI disk
[    4.359905] e1000 0000:00:08.0 eth1: (PCI:33MHz:32-bit) 08:00:27:72:9d:4c
[    4.367569] e1000 0000:00:08.0 eth1: Intel(R) PRO/1000 Network Connection
[    4.375311] e1000 0000:00:03.0 enp0s3: renamed from eth0
[ 2143.199270] INFO: rcu_sched self-detected stall on CPU
[ 2143.200401] INFO: rcu_sched detected stalls on CPUs/tasks:
[ 2143.205280] 	0-...!: (1 ticks this GP) idle=50e/1/0 softirq=820/820 fqs=0 
[ 2143.222498] 	 (t=534704 jiffies g=-188 c=-189 q=181)
[ 2143.222558] 	0-...!: (1 ticks this GP) idle=50e/1/0 softirq=820/820 fqs=0 
[ 2143.227690] rcu_sched kthread starved for 534704 jiffies! g18446744073709551428 c18446744073709551427 f0x0 RCU_GP_WAIT_FQS(3) ->state=0x402 ->cpu=1
[ 2143.234523] 	(detected by 1, t=534704 jiffies, g=-188, c=-189, q=181)
[ 2143.234527] Sending NMI from CPU 1 to CPUs 0:
[ 2143.235619] NMI backtrace for cpu 0
[ 2143.235620] CPU: 0 PID: 0 Comm: swapper/0 Not tainted 4.15.0-154-generic #161-Ubuntu
[ 2143.235621] Hardware name: innotek GmbH VirtualBox/VirtualBox, BIOS VirtualBox 12/01/2006
[ 2143.235621] RIP: 0010:io_serial_out+0x1a/0x20
[ 2143.235621] RSP: 0018:ffff88ecbfc03bf8 EFLAGS: 00010002
[ 2143.235622] RAX: 000000000000005b RBX: ffffffff9690fe60 RCX: 0000000000000000
[ 2143.235622] RDX: 00000000000003f8 RSI: 0000000000000000 RDI: ffffffff9690fe60
[ 2143.235622] RBP: ffff88ecbfc03bf8 R08: 0000000000000000 R09: 0000000000000007
[ 2143.235623] R10: 0000000000000000 R11: ffffffff9676380d R12: 000000000000005b
[ 2143.235623] R13: ffffffff96763897 R14: ffffffff96763801 R15: ffffffff9690fe60
[ 2143.235623] FS:  0000000000000000(0000) GS:ffff88ecbfc00000(0000) knlGS:0000000000000000
[ 2143.235623] CS:  0010 DS: 0000 ES: 0000 CR0: 0000000080050033
[ 2143.235624] CR2: 000055b5d95b3958 CR3: 000000003c00a001 CR4: 00000000000206f0
[ 2143.235624] Call Trace:
[ 2143.235624]  <IRQ>
[ 2143.235624]  serial8250_console_putchar+0x2d/0x40
[ 2143.235624]  ? wait_for_xmitr+0xb0/0xb0
[ 2143.235625]  uart_console_write+0x4c/0x60
[ 2143.235625]  serial8250_console_write+0x10a/0x2b0
[ 2143.235625]  ? msg_print_text+0x80/0x100
[ 2143.235625]  univ8250_console_write+0x21/0x30
[ 2143.235626]  console_unlock+0x3cf/0x560
[ 2143.235626]  vprintk_emit+0x134/0x2c0
[ 2143.235626]  vprintk_default+0x29/0x50
[ 2143.235626]  vprintk_func+0x47/0xc0
[ 2143.235626]  printk+0x52/0x6e
[ 2143.235627]  rcu_check_gp_kthread_starvation+0x98/0xc0
[ 2143.235627]  rcu_check_callbacks+0x6c5/0x8e0
[ 2143.235627]  ? tick_sched_do_timer+0x50/0x50
[ 2143.235627]  update_process_times+0x2f/0x60
[ 2143.235627]  tick_sched_handle+0x26/0x70
[ 2143.235628]  ? tick_sched_do_timer+0x42/0x50
[ 2143.235628]  tick_sched_timer+0x39/0x80
[ 2143.235628]  __hrtimer_run_queues+0xdf/0x230
[ 2143.235628]  hrtimer_interrupt+0xa0/0x1d0
[ 2143.235629]  smp_apic_timer_interrupt+0x6f/0x140
[ 2143.235629]  apic_timer_interrupt+0x90/0xa0
[ 2143.235629]  </IRQ>
[ 2143.235629] RIP: 0010:native_safe_halt+0x12/0x20
[ 2143.235629] RSP: 0018:ffffffff96203e28 EFLAGS: 00010246 ORIG_RAX: ffffffffffffff11
[ 2143.235630] RAX: ffffffff957cb2c0 RBX: 0000000000000000 RCX: 0000000000000000
[ 2143.235630] RDX: 0000000000000000 RSI: 0000000000000000 RDI: 0000000000000000
[ 2143.235630] RBP: ffffffff96203e28 R08: 0000000000000002 R09: 0000000000000001
[ 2143.235631] R10: 0000000000100000 R11: 000000000000030d R12: 0000000000000000
[ 2143.235631] R13: 0000000000000000 R14: 0000000000000000 R15: 0000000000000000
[ 2143.235631]  ? __sched_text_end+0x1/0x1
[ 2143.235631]  default_idle+0x20/0x100
[ 2143.235632]  arch_cpu_idle+0x15/0x20
[ 2143.235632]  default_idle_call+0x23/0x30
[ 2143.235632]  do_idle+0x172/0x1f0
[ 2143.235632]  cpu_startup_entry+0x73/0x80
[ 2143.235632]  rest_init+0xae/0xb0
[ 2143.235633]  start_kernel+0x4dc/0x500
[ 2143.235633]  x86_64_start_reservations+0x24/0x26
[ 2143.235633]  x86_64_start_kernel+0x74/0x77
[ 2143.235633]  secondary_startup_64+0xa5/0xb0
[ 2143.235633] Code: 55 48 89 e5 d3 e6 01 f2 ec 0f b6 c0 5d c3 0f 1f 00 0f 1f 44 00 00 0f b6 8f a1 00 00 00 89 d0 8b 57 08 55 48 89 e5 d3 e6 01 f2 ee <5d> c3 0f 1f 40 00 0f 1f 44 00 00 0f b6 87 a2 00 00 00 55 48 c7 
[ 2143.235643] rcu_sched kthread starved for 534704 jiffies! g18446744073709551428 c18446744073709551427 f0x0 RCU_GP_WAIT_FQS(3) ->state=0x402 ->cpu=1
[ 2143.251898] rcu_sched       I    0     8      2 0x80000000
[ 2143.257386] rcu_sched       I    0     8      2 0x80000000
[ 2143.261477] Call Trace:
[ 2143.265783] Call Trace:
[ 2143.275116]  __schedule+0x24e/0x890
[ 2143.281709]  __schedule+0x24e/0x890
[ 2143.281712]  schedule+0x2c/0x80
[ 2143.286365]  schedule+0x2c/0x80
[ 2143.292139]  schedule_timeout+0x15d/0x370
[ 2143.300316]  schedule_timeout+0x15d/0x370
[ 2143.306121]  ? __next_timer_interrupt+0xe0/0xe0
[ 2143.313374]  ? __next_timer_interrupt+0xe0/0xe0
[ 2143.320136]  rcu_gp_kthread+0x53a/0x980
[ 2143.326673]  rcu_gp_kthread+0x53a/0x980
[ 2143.334418]  kthread+0x121/0x140
[ 2143.339688]  kthread+0x121/0x140
[ 2143.344850]  ? rcu_note_context_switch+0x150/0x150
[ 2143.347426]  ? rcu_note_context_switch+0x150/0x150
[ 2143.349398]  ? kthread_create_worker_on_cpu+0x70/0x70
[ 2143.354455]  ? kthread_create_worker_on_cpu+0x70/0x70
[ 2143.358099]  ret_from_fork+0x35/0x40
[ 2143.655037]  ret_from_fork+0x35/0x40
[ 2143.659292] NMI backtrace for cpu 0
[ 2143.662676] CPU: 0 PID: 0 Comm: swapper/0 Not tainted 4.15.0-154-generic #161-Ubuntu
[ 2143.670370] Hardware name: innotek GmbH VirtualBox/VirtualBox, BIOS VirtualBox 12/01/2006
[ 2143.678134] Call Trace:
[ 2143.681184]  <IRQ>
[ 2143.683357]  dump_stack+0x6d/0x8b
[ 2143.686796]  nmi_cpu_backtrace+0x94/0xa0
[ 2143.690528]  ? lapic_can_unplug_cpu+0xb0/0xb0
[ 2143.694488]  nmi_trigger_cpumask_backtrace+0xe7/0x130
[ 2143.699418]  arch_trigger_cpumask_backtrace+0x19/0x20
[ 2143.704093]  rcu_dump_cpu_stacks+0xa3/0xd5
[ 2143.708300]  rcu_check_callbacks+0x6cd/0x8e0
[ 2143.713029]  ? tick_sched_do_timer+0x50/0x50
[ 2143.718330]  update_process_times+0x2f/0x60
[ 2143.723822]  tick_sched_handle+0x26/0x70
[ 2143.728508]  ? tick_sched_do_timer+0x42/0x50
[ 2143.734107]  tick_sched_timer+0x39/0x80
[ 2143.738101]  __hrtimer_run_queues+0xdf/0x230
[ 2143.742566]  hrtimer_interrupt+0xa0/0x1d0
[ 2143.747469]  smp_apic_timer_interrupt+0x6f/0x140
[ 2143.752411]  apic_timer_interrupt+0x90/0xa0
[ 2143.756958]  </IRQ>
[ 2143.759693] RIP: 0010:native_safe_halt+0x12/0x20
[ 2143.764237] RSP: 0018:ffffffff96203e28 EFLAGS: 00010246 ORIG_RAX: ffffffffffffff11
[ 2143.772072] RAX: ffffffff957cb2c0 RBX: 0000000000000000 RCX: 0000000000000000
[ 2143.778581] RDX: 0000000000000000 RSI: 0000000000000000 RDI: 0000000000000000
[ 2143.785600] RBP: ffffffff96203e28 R08: 0000000000000002 R09: 0000000000000001
[ 2143.791929] R10: 0000000000100000 R11: 000000000000030d R12: 0000000000000000
[ 2143.798334] R13: 0000000000000000 R14: 0000000000000000 R15: 0000000000000000
[ 2143.805297]  ? __sched_text_end+0x1/0x1
[ 2143.809247]  default_idle+0x20/0x100
[ 2143.813168]  arch_cpu_idle+0x15/0x20
[ 2143.816644]  default_idle_call+0x23/0x30
[ 2143.820720]  do_idle+0x172/0x1f0
[ 2143.824498]  cpu_startup_entry+0x73/0x80
[ 2143.828472]  rest_init+0xae/0xb0
[ 2143.832886]  start_kernel+0x4dc/0x500
[ 2143.837006]  x86_64_start_reservations+0x24/0x26
[ 2143.842017]  x86_64_start_kernel+0x74/0x77
[ 2143.846474]  secondary_startup_64+0xa5/0xb0
Begin: Loading essential drivers ... [ 2145.989299] raid6: sse2x1   gen() 12428 MB/s
[ 2146.053877] raid6: sse2x1   xor() 10011 MB/s
[ 2146.118267] raid6: sse2x2   gen() 18611 MB/s
[ 2146.182638] raid6: sse2x2   xor() 13150 MB/s
[ 2146.236865] raid6: sse2x4   gen() 17876 MB/s
[ 2146.290142] raid6: sse2x4   xor() 11591 MB/s
[ 2146.297246] raid6: using algorithm sse2x2 gen() 18611 MB/s
[ 2146.303382] raid6: .... xor() 13150 MB/s, rmw enabled
[ 2146.309009] raid6: using ssse3x2 recovery algorithm
[ 2146.315927] xor: measuring software checksum speed
[ 2147.395433]    prefetch64-sse: 57686.704 MB/sec
[ 2147.502901]    generic_sse: 46313.000 MB/sec
[ 2147.506643] xor: using function: prefetch64-sse (57686.704 MB/sec)
[ 2147.514648] async_tx: api initialized (async)
done.
Begin: Running /scripts/init-premount ... done.
Begin: Mounting root file system ... Begin: Running /scripts/local-top ... done.
Begin: Running /scripts/local-premount ... [ 2147.586588] Btrfs loaded, crc32c=crc32c-intel
Scanning for Btrfs filesystems
done.
Begin: Will now check root file system ... fsck from util-linux 2.31.1
[/sbin/fsck.ext4 (1) -- /dev/sda1] fsck.ext4 -a -C0 /dev/sda1 
cloudimg-rootfs: recovering journal
cloudimg-rootfs: Clearing orphaned inode 1028606 (uid=111, gid=116, mode=0100644, size=116970)
cloudimg-rootfs: clean, 209175/5120000 files, 1317062/10485499 blocks
done.
[ 2147.856727] EXT4-fs (sda1): mounted filesystem with ordered data mode. Opts: (null)
done.
Begin: Running /scripts/local-bottom ... done.
Begin: Running /scripts/init-bottom ... done.
[ 2148.160627] ip_tables: (C) 2000-2006 Netfilter Core Team
[ 2148.185103] systemd[1]: systemd 237 running in system mode. (+PAM +AUDIT +SELINUX +IMA +APPARMOR +SMACK +SYSVINIT +UTMP +LIBCRYPTSETUP +GCRYPT +GNUTLS +ACL +XZ +LZ4 +SECCOMP +BLKID +ELFUTILS +KMOD -IDN2 +IDN -PCRE2 default-hierarchy=hybrid)
[ 2148.202212] systemd[1]: Detected virtualization oracle.
[ 2148.206064] systemd[1]: Detected architecture x86-64.

Welcome to [1mUbuntu 18.04.5 LTS[0m!

[ 2148.243204] systemd[1]: Set hostname to <server>.
[ 2148.636075] systemd[1]: Set up automount Arbitrary Executable File Formats File System Automount Point.
[[0;32m  OK  [0m] Set up automount Arbitrary Executab…rmats File System Automount Point.
[ 2148.650631] systemd[1]: Started Forward Password Requests to Wall Directory Watch.
[[0;32m  OK  [0m] Started Forward Password Requests to Wall Directory Watch.
[ 2148.660266] systemd[1]: Reached target User and Group Name Lookups.
[[0;32m  OK  [0m] Reached target User and Group Name Lookups.
[ 2148.684366] systemd[1]: Created slice User and Session Slice.
[[0;32m  OK  [0m] Created slice User and Session Slice.
[ 2148.694412] systemd[1]: Reached target System Time Synchronized.
[[0;32m  OK  [0m] Reached target System Time Synchronized.
[ 2148.702828] systemd[1]: Reached target Swap.
[[0;32m  OK  [0m] Reached target Swap.
[[0;32m  OK  [0m] Created slice System Slice.
[[0;32m  OK  [0m] Listening on Journal Socket (/dev/log).
[[0;32m  OK  [0m] Listening on Device-mapper event daemon FIFOs.
[[0;32m  OK  [0m] Listening on Journal Socket.
[[0;32m  OK  [0m] Listening on Syslog Socket.
[[0;32m  OK  [0m] Listening on Journal Audit Socket.
[[0;32m  OK  [0m] Created slice system-serial\x2dgetty.slice.
[[0;32m  OK  [0m] Listening on fsck to fsckd communication Socket.
         Starting Set the console keyboard layout...
         Mounting Kernel Debug File System...
[[0;32m  OK  [0m] Listening on udev Control Socket.
[[0;32m  OK  [0m] Reached target Slices.
[[0;32m  OK  [0m] Listening on LVM2 poll daemon socket.
         Mounting POSIX Message Queue File System...
         Starting Remount Root and Kernel File Systems...
[[0;32m  OK  [0m] Listening on udev Kernel Socket.
         Starting udev Coldplug all Devices...
         Starting Create list of required st…ce nodes for the current kernel...
         Starting Journal Service...
[[0;32m  OK  [0m] Listening on LVM2 metadata daemon socket.
[ 2148.788980] EXT4-fs (sda1): re-mounted. Opts: (null)
         Starting Monitoring of LVM2 mirrors…ng dmeventd or progress polling...
[[0;32m  OK  [0m] Listening on /dev/initctl Compatibility Named Pipe.
[[0;32m  OK  [0m] Listening on Network Service Netlink Socket.
         Mounting Huge Pages File System...
         Starting Load Kernel Modules...
         Starting Uncomplicated firewall...
[[0;32m  OK  [0m] Mounted Kernel Debug File System.
[[0;32m  OK  [0m] Mounted POSIX Message Queue File System.
[[0;32m  OK  [0m] Started Remount Root and Kernel File Systems.
[[0;32m  OK  [0m] Started Create list of required sta…vice nodes for the current kernel.
[[0;32m  OK  [0m] Mounted Huge Pages File System.
         Starting Create Static Device Nodes in /dev...
[ 2148.883405] Loading iSCSI transport class v2.0-870.
         Starting Load/Save Random Seed...
[[0;32m  OK  [0m] Started Journal Service.
[[0;32m  OK  [0m] Started Uncomplicated firewall.
[[0;32m  OK  [0m] Started udev Coldplug all Devices.
         Starting Flush Journal to Persistent Storage...
[ 2148.958507] iscsi: registered transport (tcp)
[[0;32m  OK  [0m] Started LVM2 metadata daemon.
[[0;32m  OK  [0m] Started Load/Save Random Seed.
[ 2148.983895] systemd-journald[388]: Received request to flush runtime journal from PID 1
[[0;32m  OK  [0m] Started Create Static Device Nodes in /dev.
         Starting udev Kernel Device Manager...
[[0;32m  OK  [0m] Started Set the console keyboard layout.
[[0;32m  OK  [0m] Started Monitoring of LVM2 mirrors,…sing dmeventd or progress polling.
[[0;32m  OK  [0m] Reached target Local File Systems (Pre).
[[0;32m  OK  [0m] Reached target Local File Systems.
         Starting Set console font and keymap...
         Starting AppArmor initialization...
         Starting Tell Plymouth To Write Out Runtime Data...
         Starting ebtables ruleset management...
[[0;32m  OK  [0m] Started udev Kernel Device Manager.
[[0;32m  OK  [0m] Started Dispatch Password Requests to Console Directory Watch.
[[0;32m  OK  [0m] Reached target Local Encrypted Volumes.
[ 2149.145582] iscsi: registered transport (iser)
[[0;32m  OK  [0m] Started Load Kernel Modules.
         Mounting FUSE Control File System...
         Mounting Kernel Configuration File System...
         Starting Apply Kernel Variables...
[[0;32m  OK  [0m] Mounted Kernel Configuration File System.
[[0;32m  OK  [0m] Started Set console font and keymap.
[[0;32m  OK  [0m] Mounted FUSE Control File System.
[[0;32m  OK  [0m] Started Tell Plymouth To Write Out Runtime Data.
[[0;32m  OK  [0m] Started Apply Kernel Variables.
[[0;32m  OK  [0m] Started ebtables ruleset management.
[[0;32m  OK  [0m] Started Flush Journal to Persistent Storage.
         Starting Create Volatile Files and Directories...
[[0;32m  OK  [0m] Found device /dev/ttyS0.
[[0;32m  OK  [0m] Started Create Volatile Files and Directories.
         Starting Update UTMP about System Boot/Shutdown...
[[0;32m  OK  [0m] Started Update UTMP about System Boot/Shutdown.
[[0;32m  OK  [0m] Listening on Load/Save RF Kill Switch Status /dev/rfkill Watch.
[[0;32m  OK  [0m] Started AppArmor initialization.
         Starting Load AppArmor profiles managed internally by snapd...
         Starting Initial cloud-init job (pre-networking)...
[[0;32m  OK  [0m] Started Load AppArmor profiles managed internally by snapd.
[ 2151.522893] cloud-init[540]: Cloud-init v. 21.2-3-g899bfaa9-0ubuntu2~18.04.1 running 'init-local' at Thu, 09 Sep 2021 15:47:11 +0000. Up 2151.31 seconds.
[[0;32m  OK  [0m] Started Initial cloud-init job (pre-networking).
[[0;32m  OK  [0m] Reached target Network (Pre).
         Starting Network Service...
[[0;32m  OK  [0m] Started Network Service.
         Starting Wait for Network to be Configured...
         Starting Network Name Resolution...
[[0;32m  OK  [0m] Started Network Name Resolution.
[[0;32m  OK  [0m] Reached target Host and Network Name Lookups.
[[0;32m  OK  [0m] Reached target Network.
[[0;32m  OK  [0m] Started Wait for Network to be Configured.
         Starting Initial cloud-init job (metadata service crawler)...
[ 2154.781719] cloud-init[644]: Cloud-init v. 21.2-3-g899bfaa9-0ubuntu2~18.04.1 running 'init' at Thu, 09 Sep 2021 15:47:15 +0000. Up 2154.63 seconds.
[ 2154.791049] cloud-init[644]: ci-info: ++++++++++++++++++++++++++++++++++++++Net device info+++++++++++++++++++++++++++++++++++++++
[ 2154.802437] cloud-init[644]: ci-info: +--------+------+-----------------------------+---------------+--------+-------------------+
[ 2154.814619] cloud-init[644]: ci-info: | Device |  Up  |           Address           |      Mask     | Scope  |     Hw-Address    |
[ 2154.824025] cloud-init[644]: ci-info: +--------+------+-----------------------------+---------------+--------+-------------------+
[ 2154.831975] cloud-init[644]: ci-info: | enp0s3 | True |          10.0.2.15          | 255.255.255.0 | global | 02:bb:09:5e:a9:26 |
[ 2154.839448] cloud-init[644]: ci-info: | enp0s3 | True |  fe80::bb:9ff:fe5e:a926/64  |       .       |  link  | 02:bb:09:5e:a9:26 |
[ 2154.846578] cloud-init[644]: ci-info: | enp0s8 | True |         172.31.7.161        | 255.255.240.0 | global | 08:00:27:72:9d:4c |
[ 2154.851637] cloud-init[644]: ci-info: | enp0s8 | True | fe80::a00:27ff:fe72:9d4c/64 |       .       |  link  | 08:00:27:72:9d:4c |
[ 2154.856804] cloud-init[644]: ci-info: |   lo   | True |          127.0.0.1          |   255.0.0.0   |  host  |         .         |
[ 2154.860661] cloud-init[644]: ci-info: |   lo   | True |           ::1/128           |       .       |  host  |         .         |
[ 2154.864885] cloud-init[644]: ci-info: +--------+------+-----------------------------+---------------+--------+-------------------+
[ 2154.868892] cloud-init[644]: ci-info: +++++++++++++++++++++++++++++Route IPv4 info++++++++++++++++++++++++++++++
[ 2154.872505] cloud-init[644]: ci-info: +-------+-------------+------------+-----------------+-----------+-------+
[ 2154.876353] cloud-init[644]: ci-info: | Route | Destination |  Gateway   |     Genmask     | Interface | Flags |
[ 2154.879766] cloud-init[644]: ci-info: +-------+-------------+------------+-----------------+-----------+-------+
[ 2154.883517] cloud-init[644]: ci-info: |   0   |   0.0.0.0   | 172.31.0.1 |     0.0.0.0     |   enp0s8  |   UG  |
[ 2154.887084] cloud-init[644]: ci-info: |   1   |   0.0.0.0   |  10.0.2.2  |     0.0.0.0     |   enp0s3  |   UG  |
[ 2154.890623] cloud-init[644]: ci-info: |   2   |   10.0.2.0  |  0.0.0.0   |  255.255.255.0  |   enp0s3  |   U   |
[ 2154.894068] cloud-init[644]: ci-info: |   3   |   10.0.2.2  |  0.0.0.0   | 255.255.255.255 |   enp0s3  |   UH  |
[ 2154.897729] cloud-init[644]: ci-info: |   4   |  172.31.0.0 |  0.0.0.0   |  255.255.240.0  |   enp0s8  |   U   |
[ 2154.901074] cloud-init[644]: ci-info: |   5   |  172.31.0.1 |  0.0.0.0   | 255.255.255.255 |   enp0s8  |   UH  |
[ 2154.904597] cloud-init[644]: ci-info: +-------+-------------+------------+-----------------+-----------+-------+
[ 2154.908180] cloud-init[644]: ci-info: +++++++++++++++++++Route IPv6 info+++++++++++++++++++
[ 2154.911186] cloud-init[644]: ci-info: +-------+-------------+---------+-----------+-------+
[ 2154.914439] cloud-init[644]: ci-info: | Route | Destination | Gateway | Interface | Flags |
[ 2154.917833] cloud-init[644]: ci-info: +-------+-------------+---------+-----------+-------+
[ 2154.920779] cloud-init[644]: ci-info: |   1   |  fe80::/64  |    ::   |   enp0s8  |   U   |
[ 2154.923384] cloud-init[644]: ci-info: |   2   |  fe80::/64  |    ::   |   enp0s3  |   U   |
[ 2154.926353] cloud-init[644]: ci-info: |   4   |    local    |    ::   |   enp0s3  |   U   |
[ 2154.929176] cloud-init[644]: ci-info: |   5   |    local    |    ::   |   enp0s8  |   U   |
[ 2154.932661] cloud-init[644]: ci-info: |   6   |   ff00::/8  |    ::   |   enp0s8  |   U   |
[ 2154.935552] cloud-init[644]: ci-info: |   7   |   ff00::/8  |    ::   |   enp0s3  |   U   |
[ 2154.938851] cloud-init[644]: ci-info: +-------+-------------+---------+-----------+-------+
[[0;32m  OK  [0m] Started Initial cloud-init job (metadata service crawler).
[[0;32m  OK  [0m] Reached target Cloud-config availability.
[[0;32m  OK  [0m] Reached target Network is Online.
[[0;32m  OK  [0m] Reached target Remote File Systems (Pre).
         Mounting /vagrant...
         Starting Availability of block devices...
[[0;32m  OK  [0m] Reached target System Initialization.
[[0;32m  OK  [0m] Started Ubuntu Advantage update messaging.
[[0;32m  OK  [0m] Listening on D-Bus System Message Bus Socket.
[[0;32m  OK  [0m] Started ACPI Events Check.
[[0;32m  OK  [0m] Listening on UUID daemon activation socket.
[[0;32m  OK  [0m] Started Discard unused blocks once a week.
[[0;32m  OK  [0m] Started Daily apt download activities.
[[0;32m  OK  [0m] Started Daily apt upgrade and clean activities.
         Starting LXD - unix socket.
[[0;32m  OK  [0m] Reached target Paths.
[[0;32m  OK  [0m] Started Daily Cleanup of Temporary Directories.
         Starting Socket activation for snappy daemon.
[[0;32m  OK  [0m] Started Message of the Day.
[[0;32m  OK  [0m] Reached target Timers.
[[0;32m  OK  [0m] Listening on Open-iSCSI iscsid Socket.
[[0;32m  OK  [0m] Listening on ACPID Listen Socket.
[[0;32m  OK  [0m] Started Availability of block devices.
[[0;32m  OK  [0m] Listening on Socket activation for snappy daemon.
         Starting Cleanup of Temporary Directories...
[[0;32m  OK  [0m] Listening on LXD - unix socket.
[[0;32m  OK  [0m] Reached target Sockets.
[[0;32m  OK  [0m] Reached target Basic System.
         Starting Virtualbox guest utils...
[[0;32m  OK  [0m] Started D-Bus System Message Bus.
         Starting LSB: Record successful boot for GRUB...
[[0;32m  OK  [0m] Started irqbalance daemon.
         Starting Ubuntu Advantage APT and MOTD Messages...
[[0;32m  OK  [0m] Started Deferred execution scheduler.
         Starting Dispatcher daemon for systemd-networkd...
[[0;32m  OK  [0m] Started FUSE filesystem for LXC.
         Starting System Logging Service...
         Starting Message of the Day...
         Starting Login Service...
[[0;32m  OK  [0m] Started Regular background program processing daemon.
         Starting OpenBSD Secure Shell server...
         Starting Accounts Service...
         Starting Snap Daemon...
         Starting LXD - container startup/shutdown...
[[0;32m  OK  [0m] Mounted /vagrant.
[[0;32m  OK  [0m] Reached target Remote File Systems.
         Starting Permit User Sessions...
         Starting LSB: automatic crash report generation...
         Starting LSB: Start Jenkins at boot time...
[[0;32m  OK  [0m] Started System Logging Service.
[[0;32m  OK  [0m] Started Permit User Sessions.
         Starting Hold until boot process finishes up...
         Starting Terminate Plymouth Boot Screen...
[[0;32m  OK  [0m] Started Hold until boot process finishes up.
[[0;32m  OK  [0m] Started Serial Getty on ttyS0.
         Starting Set console scheme...
[[0;32m  OK  [0m] Started Terminate Plymouth Boot Screen.
[[0;32m  OK  [0m] Started Login Service.
[[0;32m  OK  [0m] Started Unattended Upgrades Shutdown.
[[0;32m  OK  [0m] Started Cleanup of Temporary Directories.
[[0;32m  OK  [0m] Started Set console scheme.
[[0;32m  OK  [0m] Started LSB: Record successful boot for GRUB.
[[0;32m  OK  [0m] Created slice system-getty.slice.
[[0;32m  OK  [0m] Started Getty on tty1.
[[0;32m  OK  [0m] Reached target Login Prompts.
         Starting Authorization Manager...
[[0;32m  OK  [0m] Started LSB: automatic crash report generation.
[[0;32m  OK  [0m] Started OpenBSD Secure Shell server.
[[0;32m  OK  [0m] Started Virtualbox guest utils.
[[0;32m  OK  [0m] Started Authorization Manager.
[[0;32m  OK  [0m] Started Accounts Service.
[[0;32m  OK  [0m] Started LXD - container startup/shutdown.
[[0;32m  OK  [0m] Started Dispatcher daemon for systemd-networkd.
[[0;32m  OK  [0m] Started Snap Daemon.
         Starting Wait until snapd is fully seeded...
[[0;32m  OK  [0m] Started Wait until snapd is fully seeded.
         Starting Apply the settings specified in cloud-config...
[[0;32m  OK  [0m] Started Ubuntu Advantage APT and MOTD Messages.
[ 2158.302682] cloud-init[1062]: Cloud-init v. 21.2-3-g899bfaa9-0ubuntu2~18.04.1 running 'modules:config' at Thu, 09 Sep 2021 15:47:18 +0000. Up 2158.19 seconds.
[[0;32m  OK  [0m] Started Apply the settings specified in cloud-config.
[[0;32m  OK  [0m] Created slice User Slice of jenkins.
         Starting User Manager for UID 111...
[[0;32m  OK  [0m] Started Session c1 of user jenkins.
[[0;32m  OK  [0m] Started User Manager for UID 111.

Ubuntu 18.04.5 LTS server ttyS0

server login: [ 2162.165776] cloud-init[1200]: Cloud-init v. 21.2-3-g899bfaa9-0ubuntu2~18.04.1 running 'modules:final' at Thu, 09 Sep 2021 15:47:22 +0000. Up 2161.99 seconds.
[ 2162.175496] cloud-init[1200]: Cloud-init v. 21.2-3-g899bfaa9-0ubuntu2~18.04.1 finished at Thu, 09 Sep 2021 15:47:22 +0000. Datasource DataSourceNoCloud [seed=/dev/sdb][dsmode=net].  Up 2162.15 seconds
[[0;32m  OK  [0m] Created slice User Slice of vagrant.
         Starting User Manager for UID 1000...
[[0;32m  OK  [0m] Started Session 2 of user vagrant.
[[0;32m  OK  [0m] Started User Manager for UID 1000.
[[0;32m  OK  [0m] Started Daily apt upgrade and clean activities.
