[    0.000000] Initializing cgroup subsys cpuset
[    0.000000] Initializing cgroup subsys cpu
[    0.000000] Initializing cgroup subsys cpuacct
[    0.000000] Linux version 4.4.0-210-generic (buildd@lgw01-amd64-009) (gcc version 5.4.0 20160609 (Ubuntu 5.4.0-6ubuntu1~16.04.12) ) #242-Ubuntu SMP Fri Apr 16 09:57:56 UTC 2021 (Ubuntu 4.4.0-210.242-generic 4.4.262)
[    0.000000] Command line: BOOT_IMAGE=/boot/vmlinuz-4.4.0-210-generic root=LABEL=cloudimg-rootfs ro console=tty1 console=ttyS0
[    0.000000] KERNEL supported cpus:
[    0.000000]   Intel GenuineIntel
[    0.000000]   AMD AuthenticAMD
[    0.000000]   Centaur CentaurHauls
[    0.000000] x86/fpu: Legacy x87 FPU detected.
[    0.000000] e820: BIOS-provided physical RAM map:
[    0.000000] BIOS-e820: [mem 0x0000000000000000-0x000000000009fbff] usable
[    0.000000] BIOS-e820: [mem 0x000000000009fc00-0x000000000009ffff] reserved
[    0.000000] BIOS-e820: [mem 0x00000000000f0000-0x00000000000fffff] reserved
[    0.000000] BIOS-e820: [mem 0x0000000000100000-0x000000001ffeffff] usable
[    0.000000] BIOS-e820: [mem 0x000000001fff0000-0x000000001fffffff] ACPI data
[    0.000000] BIOS-e820: [mem 0x00000000fec00000-0x00000000fec00fff] reserved
[    0.000000] BIOS-e820: [mem 0x00000000fee00000-0x00000000fee00fff] reserved
[    0.000000] BIOS-e820: [mem 0x00000000fffc0000-0x00000000ffffffff] reserved
[    0.000000] NX (Execute Disable) protection: active
[    0.000000] SMBIOS 2.5 present.
[    0.000000] Hypervisor detected: KVM
[    0.000000] e820: last_pfn = 0x1fff0 max_arch_pfn = 0x400000000
[    0.000000] MTRR: Disabled
[    0.000000] x86/PAT: MTRRs disabled, skipping PAT initialization too.
[    0.000000] CPU MTRRs all blank - virtualized system.
[    0.000000] x86/PAT: Configuration [0-7]: WB  WT  UC- UC  WB  WT  UC- UC  
[    0.000000] found SMP MP-table at [mem 0x0009fff0-0x0009ffff] mapped at [ffff88000009fff0]
[    0.000000] Scanning 1 areas for low memory corruption
[    0.000000] RAMDISK: [mem 0x1e87d000-0x1f705fff]
[    0.000000] ACPI: Early table checksum verification disabled
[    0.000000] ACPI: RSDP 0x00000000000E0000 000024 (v02 VBOX  )
[    0.000000] ACPI: XSDT 0x000000001FFF0030 00003C (v01 VBOX   VBOXXSDT 00000001 ASL  00000061)
[    0.000000] ACPI: FACP 0x000000001FFF00F0 0000F4 (v04 VBOX   VBOXFACP 00000001 ASL  00000061)
[    0.000000] ACPI: DSDT 0x000000001FFF0470 002325 (v02 VBOX   VBOXBIOS 00000002 INTL 20100528)
[    0.000000] ACPI: FACS 0x000000001FFF0200 000040
[    0.000000] ACPI: FACS 0x000000001FFF0200 000040
[    0.000000] ACPI: APIC 0x000000001FFF0240 000054 (v02 VBOX   VBOXAPIC 00000001 ASL  00000061)
[    0.000000] ACPI: SSDT 0x000000001FFF02A0 0001CC (v01 VBOX   VBOXCPUT 00000002 INTL 20100528)
[    0.000000] No NUMA configuration found
[    0.000000] Faking a node at [mem 0x0000000000000000-0x000000001ffeffff]
[    0.000000] NODE_DATA(0) allocated [mem 0x1ffeb000-0x1ffeffff]
[    0.000000] kvm-clock: Using msrs 4b564d01 and 4b564d00
[    0.000000] kvm-clock: cpu 0, msr 0:1ffe3001, primary cpu clock
[    0.000000] kvm-clock: using sched offset of 4326953725 cycles
[    0.000000] clocksource: kvm-clock: mask: 0xffffffffffffffff max_cycles: 0x1cd42e4dffb, max_idle_ns: 881590591483 ns
[    0.000000] Zone ranges:
[    0.000000]   DMA      [mem 0x0000000000001000-0x0000000000ffffff]
[    0.000000]   DMA32    [mem 0x0000000001000000-0x000000001ffeffff]
[    0.000000]   Normal   empty
[    0.000000]   Device   empty
[    0.000000] Movable zone start for each node
[    0.000000] Early memory node ranges
[    0.000000]   node   0: [mem 0x0000000000001000-0x000000000009efff]
[    0.000000]   node   0: [mem 0x0000000000100000-0x000000001ffeffff]
[    0.000000] Initmem setup node 0 [mem 0x0000000000001000-0x000000001ffeffff]
[    0.000000] ACPI: PM-Timer IO Port: 0x4008
[    0.000000] IOAPIC[0]: apic_id 1, version 32, address 0xfec00000, GSI 0-23
[    0.000000] ACPI: INT_SRC_OVR (bus 0 bus_irq 0 global_irq 2 dfl dfl)
[    0.000000] ACPI: INT_SRC_OVR (bus 0 bus_irq 9 global_irq 9 low level)
[    0.000000] Using ACPI (MADT) for SMP configuration information
[    0.000000] smpboot: Allowing 1 CPUs, 0 hotplug CPUs
[    0.000000] PM: Registered nosave memory: [mem 0x00000000-0x00000fff]
[    0.000000] PM: Registered nosave memory: [mem 0x0009f000-0x0009ffff]
[    0.000000] PM: Registered nosave memory: [mem 0x000a0000-0x000effff]
[    0.000000] PM: Registered nosave memory: [mem 0x000f0000-0x000fffff]
[    0.000000] e820: [mem 0x20000000-0xfebfffff] available for PCI devices
[    0.000000] Booting paravirtualized kernel on KVM
[    0.000000] clocksource: refined-jiffies: mask: 0xffffffff max_cycles: 0xffffffff, max_idle_ns: 7645519600211568 ns
[    0.000000] setup_percpu: NR_CPUS:512 nr_cpumask_bits:512 nr_cpu_ids:1 nr_node_ids:1
[    0.000000] PERCPU: Embedded 33 pages/cpu @ffff88001fc00000 s95192 r8192 d31784 u2097152
[    0.000000] Built 1 zonelists in Node order, mobility grouping on.  Total pages: 128888
[    0.000000] Policy zone: DMA32
[    0.000000] Kernel command line: BOOT_IMAGE=/boot/vmlinuz-4.4.0-210-generic root=LABEL=cloudimg-rootfs ro console=tty1 console=ttyS0
[    0.000000] PID hash table entries: 2048 (order: 2, 16384 bytes)
[    0.000000] Memory: 481848K/523832K available (8644K kernel code, 1332K rwdata, 4044K rodata, 1492K init, 1164K bss, 41984K reserved, 0K cma-reserved)
[    0.000000] SLUB: HWalign=64, Order=0-3, MinObjects=0, CPUs=1, Nodes=1
[    0.000000] Kernel/User page tables isolation: enabled
[    0.000000] Hierarchical RCU implementation.
[    0.000000] 	Build-time adjustment of leaf fanout to 64.
[    0.000000] 	RCU restricting CPUs from NR_CPUS=512 to nr_cpu_ids=1.
[    0.000000] RCU: Adjusting geometry for rcu_fanout_leaf=64, nr_cpu_ids=1
[    0.000000] NR_IRQS:33024 nr_irqs:256 16
[    0.000000] Console: colour VGA+ 80x25
[    0.000000] console [tty1] enabled
[    0.000000] console [ttyS0] enabled
[    0.000000] tsc: Detected 3503.998 MHz processor
[    0.509256] Calibrating delay loop (skipped) preset value.. 7007.99 BogoMIPS (lpj=14015992)
[    0.516351] pid_max: default: 32768 minimum: 301
[    0.521129] ACPI: Core revision 20150930
[    0.524909] ACPI: 2 ACPI AML tables successfully acquired and loaded
[    0.532057] Security Framework initialized
[    0.537801] Yama: becoming mindful.
[    0.540896] AppArmor: AppArmor initialized
[    0.544173] Dentry cache hash table entries: 65536 (order: 7, 524288 bytes)
[    0.551069] Inode-cache hash table entries: 32768 (order: 6, 262144 bytes)
[    0.556990] Mount-cache hash table entries: 1024 (order: 1, 8192 bytes)
[    0.561830] Mountpoint-cache hash table entries: 1024 (order: 1, 8192 bytes)
[    0.568245] Initializing cgroup subsys io
[    0.572402] Initializing cgroup subsys memory
[    0.576462] Initializing cgroup subsys devices
[    0.580633] Initializing cgroup subsys freezer
[    0.585479] Initializing cgroup subsys net_cls
[    0.589448] Initializing cgroup subsys perf_event
[    0.593060] Initializing cgroup subsys net_prio
[    0.596465] Initializing cgroup subsys hugetlb
[    0.601125] Initializing cgroup subsys pids
[    0.605476] mce: CPU supports 0 MCE banks
[    0.610469] Last level iTLB entries: 4KB 128, 2MB 8, 4MB 8
[    0.616318] Last level dTLB entries: 4KB 64, 2MB 0, 4MB 0, 1GB 4
[    0.624135] Spectre V1 : Mitigation: usercopy/swapgs barriers and __user pointer sanitization
[    0.632928] Spectre V2 : Mitigation: Full generic retpoline
[    0.637593] Spectre V2 : Spectre v2 / SpectreRSB mitigation: Filling RSB on context switch
[    0.644130] Speculative Store Bypass: Vulnerable
[    0.649701] MDS: Mitigation: Clear CPU buffers
[    0.775846] Freeing SMP alternatives memory: 36K
[    0.836252] ftrace: allocating 32380 entries in 127 pages
[    1.475516] smpboot: APIC(0) Converting physical 0 to logical package 0
[    1.485045] smpboot: Max logical packages: 1
[    1.506611] ..TIMER: vector=0x30 apic1=0 pin1=2 apic2=-1 pin2=-1
[    1.621156] smpboot: CPU0: Intel(R) Core(TM) i5-7600 CPU @ 3.50GHz (family: 0x6, model: 0x9e, stepping: 0x9)
[    1.632551] Performance Events: unsupported p6 CPU model 158 no PMU driver, software events only.
[    1.696200] KVM setup paravirtual spinlock
[    1.701077] x86: Booted up 1 node, 1 CPUs
[    1.705335] smpboot: Total of 1 processors activated (7007.99 BogoMIPS)
[    1.712682] devtmpfs: initialized
[    1.717947] evm: security.selinux
[    1.721351] evm: security.SMACK64
[    1.724903] evm: security.SMACK64EXEC
[    1.729378] evm: security.SMACK64TRANSMUTE
[    1.732440] evm: security.SMACK64MMAP
[    1.735649] evm: security.ima
[    1.738306] evm: security.capability
[    1.741020] clocksource: jiffies: mask: 0xffffffff max_cycles: 0xffffffff, max_idle_ns: 7645041785100000 ns
[    1.751220] futex hash table entries: 256 (order: 2, 16384 bytes)
[    1.757044] pinctrl core: initialized pinctrl subsystem
[    1.762182] RTC time: 18:35:55, date: 06/07/21
[    1.766111] NET: Registered protocol family 16
[    1.769993] cpuidle: using governor ladder
[    1.773001] cpuidle: using governor menu
[    1.776969] PCCT header not found.
[    1.780025] ACPI: bus type PCI registered
[    1.783004] acpiphp: ACPI Hot Plug PCI Controller Driver version: 0.5
[    1.788359] PCI: Using configuration type 1 for base access
[    1.795113] ACPI: Added _OSI(Module Device)
[    1.799194] ACPI: Added _OSI(Processor Device)
[    1.803298] ACPI: Added _OSI(3.0 _SCP Extensions)
[    1.809089] ACPI: Added _OSI(Processor Aggregator Device)
[    1.817590] ACPI: Executed 1 blocks of module-level executable AML code
[    1.828635] ACPI: Interpreter enabled
[    1.832529] ACPI: (supports S0 S5)
[    1.836935] ACPI: Using IOAPIC for interrupt routing
[    1.841950] PCI: Using host bridge windows from ACPI; if necessary, use "pci=nocrs" and report a bug
[    1.857111] ACPI: PCI Root Bridge [PCI0] (domain 0000 [bus 00-ff])
[    1.863038] acpi PNP0A03:00: _OSC: OS supports [ASPM ClockPM Segments MSI]
[    1.868763] acpi PNP0A03:00: _OSC: not requesting OS control; OS requires [ExtendedConfig ASPM ClockPM MSI]
[    1.878033] acpi PNP0A03:00: fail to add MMCONFIG information, can't access extended PCI configuration space under this bridge.
[    1.890498] PCI host bridge to bus 0000:00
[    1.894299] pci_bus 0000:00: root bus resource [io  0x0000-0x0cf7 window]
[    1.900140] pci_bus 0000:00: root bus resource [io  0x0d00-0xffff window]
[    1.905748] pci_bus 0000:00: root bus resource [mem 0x000a0000-0x000bffff window]
[    1.912111] pci_bus 0000:00: root bus resource [mem 0x20000000-0xfdffffff window]
[    1.918845] pci_bus 0000:00: root bus resource [bus 00-ff]
[    1.927235] pci 0000:00:01.1: legacy IDE quirk: reg 0x10: [io  0x01f0-0x01f7]
[    1.937609] pci 0000:00:01.1: legacy IDE quirk: reg 0x14: [io  0x03f6]
[    1.943083] pci 0000:00:01.1: legacy IDE quirk: reg 0x18: [io  0x0170-0x0177]
[    1.948624] pci 0000:00:01.1: legacy IDE quirk: reg 0x1c: [io  0x0376]
[    2.126506] pci 0000:00:07.0: quirk: [io  0x4000-0x403f] claimed by PIIX4 ACPI
[    2.138822] pci 0000:00:07.0: quirk: [io  0x4100-0x410f] claimed by PIIX4 SMB
[    2.152676] ACPI: PCI Interrupt Link [LNKA] (IRQs 5 9 10 *11)
[    2.160210] ACPI: PCI Interrupt Link [LNKB] (IRQs 5 9 *10 11)
[    2.168617] ACPI: PCI Interrupt Link [LNKC] (IRQs 5 *9 10 11)
[    2.177877] ACPI: PCI Interrupt Link [LNKD] (IRQs 5 9 10 *11)
[    2.185402] ACPI: Enabled 2 GPEs in block 00 to 07
[    2.190806] vgaarb: setting as boot device: PCI:0000:00:02.0
[    2.196120] vgaarb: device added: PCI:0000:00:02.0,decodes=io+mem,owns=io+mem,locks=none
[    2.229621] vgaarb: loaded
[    2.233060] vgaarb: bridge control possible 0000:00:02.0
[    2.240714] SCSI subsystem initialized
[    2.245215] ACPI: bus type USB registered
[    2.250354] usbcore: registered new interface driver usbfs
[    2.255494] usbcore: registered new interface driver hub
[    2.261371] usbcore: registered new device driver usb
[    2.265728] PCI: Using ACPI for IRQ routing
[    2.272054] NetLabel: Initializing
[    2.275041] NetLabel:  domain hash size = 128
[    2.278844] NetLabel:  protocols = UNLABELED CIPSOv4
[    2.282445] NetLabel:  unlabeled traffic allowed by default
[    2.286527] amd_nb: Cannot enumerate AMD northbridges
[    2.290597] clocksource: Switched to clocksource kvm-clock
[    2.325688] AppArmor: AppArmor Filesystem Enabled
[    2.330342] pnp: PnP ACPI init
[    2.336437] pnp: PnP ACPI: found 3 devices
[    2.348577] clocksource: acpi_pm: mask: 0xffffff max_cycles: 0xffffff, max_idle_ns: 2085701024 ns
[    2.355600] NET: Registered protocol family 2
[    2.359738] TCP established hash table entries: 4096 (order: 3, 32768 bytes)
[    2.365371] TCP bind hash table entries: 4096 (order: 4, 65536 bytes)
[    2.372311] TCP: Hash tables configured (established 4096 bind 4096)
[    2.379032] UDP hash table entries: 256 (order: 1, 8192 bytes)
[    2.383360] UDP-Lite hash table entries: 256 (order: 1, 8192 bytes)
[    2.389223] NET: Registered protocol family 1
[    2.392426] pci 0000:00:00.0: Limiting direct PCI/PCI transfers
[    2.396935] pci 0000:00:01.0: Activating ISA DMA hang workarounds
[    2.402082] Unpacking initramfs...
[    2.845301] Freeing initrd memory: 14884K
[    2.850838] clocksource: tsc: mask: 0xffffffffffffffff max_cycles: 0x328211acd6a, max_idle_ns: 440795259903 ns
[    2.858972] platform rtc_cmos: registered platform RTC device (no PNP device found)
[    2.864635] Scanning for low memory corruption every 60 seconds
[    2.870430] audit: initializing netlink subsys (disabled)
[    2.876134] audit: type=2000 audit(1623090960.250:1): initialized
[    2.881487] Initialise system trusted keyring
[    2.886336] HugeTLB registered 2 MB page size, pre-allocated 0 pages
[    2.894556] zbud: loaded
[    2.898013] VFS: Disk quotas dquot_6.6.0
[    2.902195] VFS: Dquot-cache hash table entries: 512 (order 0, 4096 bytes)
[    2.909130] squashfs: version 4.0 (2009/01/31) Phillip Lougher
[    2.914624] fuse init (API version 7.23)
[    2.919277] Key type big_key registered
[    2.922377] Allocating IMA MOK and blacklist keyrings.
[    2.929011] Key type asymmetric registered
[    2.934319] Asymmetric key parser 'x509' registered
[    2.939331] Block layer SCSI generic (bsg) driver version 0.4 loaded (major 249)
[    2.945358] io scheduler noop registered
[    2.949480] io scheduler deadline registered (default)
[    2.954857] io scheduler cfq registered
[    2.959119] pci_hotplug: PCI Hot Plug PCI Core version: 0.5
[    2.963386] pciehp: PCI Express Hot Plug Controller Driver version: 0.4
[    2.969350] ACPI: AC Adapter [AC] (on-line)
[    2.972811] input: Power Button as /devices/LNXSYSTM:00/LNXPWRBN:00/input/input0
[    2.978855] ACPI: Power Button [PWRF]
[    2.981950] input: Sleep Button as /devices/LNXSYSTM:00/LNXSLPBN:00/input/input1
[    2.988430] ACPI: Sleep Button [SLPF]
[    2.991727] GHES: HEST is not enabled!
[    2.994443] Serial: 8250/16550 driver, 32 ports, IRQ sharing enabled
[    3.032302] 00:02: ttyS0 at I/O 0x3f8 (irq = 4, base_baud = 115200) is a 16550A
[    3.041724] Linux agpgart interface v0.103
[    3.053799] loop: module loaded
[    3.059306] scsi host0: ata_piix
[    3.062350] scsi host1: ata_piix
[    3.066437] ata1: PATA max UDMA/33 cmd 0x1f0 ctl 0x3f6 bmdma 0xd000 irq 14
[    3.072895] ata2: PATA max UDMA/33 cmd 0x170 ctl 0x376 bmdma 0xd008 irq 15
[    3.079406] libphy: Fixed MDIO Bus: probed
[    3.084920] tun: Universal TUN/TAP device driver, 1.6
[    3.089616] tun: (C) 1999-2004 Max Krasnyansky <maxk@qualcomm.com>
[    3.095483] PPP generic driver version 2.4.2
[    3.099853] ehci_hcd: USB 2.0 'Enhanced' Host Controller (EHCI) Driver
[    3.104743] ehci-pci: EHCI PCI platform driver
[    3.108362] ehci-platform: EHCI generic platform driver
[    3.112186] ohci_hcd: USB 1.1 'Open' Host Controller (OHCI) Driver
[    3.117015] ohci-pci: OHCI PCI platform driver
[    3.122361] ohci-platform: OHCI generic platform driver
[    3.127831] uhci_hcd: USB Universal Host Controller Interface driver
[    3.133049] i8042: PNP: PS/2 Controller [PNP0303:PS2K,PNP0f03:PS2M] at 0x60,0x64 irq 1,12
[    3.147169] serio: i8042 KBD port at 0x60,0x64 irq 1
[    3.152896] serio: i8042 AUX port at 0x60,0x64 irq 12
[    3.158515] mousedev: PS/2 mouse device common for all mice
[    3.165775] input: AT Translated Set 2 keyboard as /devices/platform/i8042/serio0/input/input2
[    3.175436] rtc_cmos rtc_cmos: rtc core: registered rtc_cmos as rtc0
[    3.181378] rtc_cmos rtc_cmos: alarms up to one day, 114 bytes nvram
[    3.187241] i2c /dev entries driver
[    3.190353] device-mapper: uevent: version 1.0.3
[    3.194789] device-mapper: ioctl: 4.34.0-ioctl (2015-10-28) initialised: dm-devel@redhat.com
[    3.202403] ledtrig-cpu: registered to indicate activity on CPUs
[    3.210125] NET: Registered protocol family 10
[    3.215479] NET: Registered protocol family 17
[    3.220295] Key type dns_resolver registered
[    3.224085] registered taskstats version 1
[    3.227403] Loading compiled-in X.509 certificates
[    3.231568] Loaded X.509 cert 'Build time autogenerated kernel key: cf00e047681d67edb2720680708b7d9498083038'
[    3.299082] zswap: loaded using pool lzo/zbud
[    3.305839] Key type trusted registered
[    3.315479] Key type encrypted registered
[    3.320089] AppArmor: AppArmor sha1 policy hashing enabled
[    3.324972] ima: No TPM chip found, activating TPM-bypass!
[    3.334407] ima: Allocated hash algorithm: sha1
[    3.340830] evm: HMAC attrs: 0x1
[    3.344398]   Magic number: 9:464:594
[    3.348424] rtc_cmos rtc_cmos: setting system clock to 2021-06-07 18:35:56 UTC (1623090956)
[    3.355984] BIOS EDD facility v0.16 2004-Jun-25, 0 devices found
[    3.361493] EDD information not available.
[    3.370000] Freeing unused kernel memory: 1492K
[    3.373858] Write protecting the kernel read-only data: 14336k
[    3.378890] Freeing unused kernel memory: 1584K
[    3.382166] Freeing unused kernel memory: 52K
Loading, please wait...
starting version 229
[    3.405369] random: udevadm: uninitialized urandom read (16 bytes read, 3 bits of entropy available)
[    3.413449] random: systemd-udevd: uninitialized urandom read (16 bytes read, 3 bits of entropy available)
[    3.421495] random: systemd-udevd: uninitialized urandom read (16 bytes read, 3 bits of entropy available)
[    3.430261] random: udevadm: uninitialized urandom read (16 bytes read, 3 bits of entropy available)
[    3.440932] random: systemd-udevd: uninitialized urandom read (16 bytes read, 3 bits of entropy available)
[    3.455756] random: systemd-udevd: uninitialized urandom read (16 bytes read, 3 bits of entropy available)
[    3.468266] random: systemd-udevd: uninitialized urandom read (16 bytes read, 3 bits of entropy available)
[    3.480721] random: udevadm: uninitialized urandom read (16 bytes read, 3 bits of entropy available)
[    3.488406] random: systemd-udevd: uninitialized urandom read (16 bytes read, 3 bits of entropy available)
[    3.497568] random: udevadm: uninitialized urandom read (16 bytes read, 3 bits of entropy available)
[    3.595270] Fusion MPT base driver 3.04.20
[    3.598861] Copyright (c) 1999-2008 LSI Corporation
[    3.619659] e1000: Intel(R) PRO/1000 Network Driver - version 7.3.21-k8-NAPI
[    3.624988] e1000: Copyright (c) 1999-2006 Intel Corporation.
[    3.657423] Fusion MPT SPI Host driver 3.04.20
[    3.870276] input: ImExPS/2 Generic Explorer Mouse as /devices/platform/i8042/serio1/input/input4
[    4.424510] e1000 0000:00:03.0 eth0: (PCI:33MHz:32-bit) 02:ed:98:3c:8e:82
[    4.432778] e1000 0000:00:03.0 eth0: Intel(R) PRO/1000 Network Connection
[    4.440180] mptbase: ioc0: Initiating bringup
[    4.513083] ioc0: LSI53C1030 A0: Capabilities={Initiator}
[    4.709571] scsi host2: ioc0: LSI53C1030 A0, FwRev=00000000h, Ports=1, MaxQ=256, IRQ=20
[    4.836684] scsi 2:0:0:0: Direct-Access     VBOX     HARDDISK         1.0  PQ: 0 ANSI: 5
[    4.857496] scsi target2:0:0: Beginning Domain Validation
[    4.879832] scsi target2:0:0: Domain Validation skipping write tests
[    4.889172] scsi target2:0:0: Ending Domain Validation
[    4.922216] scsi target2:0:0: asynchronous
[    4.933511] scsi 2:0:1:0: Direct-Access     VBOX     HARDDISK         1.0  PQ: 0 ANSI: 5
[    4.959574] scsi target2:0:1: Beginning Domain Validation
[    5.072278] scsi target2:0:1: Domain Validation skipping write tests
[    5.077544] scsi target2:0:1: Ending Domain Validation
[    5.092812] scsi target2:0:1: asynchronous
[    5.287199] sd 2:0:0:0: Attached scsi generic sg0 type 0
[    5.292914] sd 2:0:0:0: [sda] 83886080 512-byte logical blocks: (42.9 GB/40.0 GiB)
[    5.308726] sd 2:0:1:0: [sdb] 20480 512-byte logical blocks: (10.5 MB/10.0 MiB)
[    5.314998] sd 2:0:1:0: Attached scsi generic sg1 type 0
[    5.320662] sd 2:0:0:0: [sda] Write Protect is off
[    5.325207] sd 2:0:1:0: [sdb] Write Protect is off
[    5.340171] sd 2:0:0:0: [sda] Incomplete mode parameter data
[    5.344848] sd 2:0:0:0: [sda] Assuming drive cache: write through
[    5.358512] sd 2:0:1:0: [sdb] Incomplete mode parameter data
[    5.364259] sd 2:0:1:0: [sdb] Assuming drive cache: write through
[    5.391020]  sda: sda1
[    5.395817] sd 2:0:0:0: [sda] Attached SCSI disk
[    5.425349] sd 2:0:1:0: [sdb] Attached SCSI disk
[    5.765859] e1000 0000:00:08.0 eth1: (PCI:33MHz:32-bit) 08:00:27:d4:7d:15
[    5.776779] e1000 0000:00:08.0 eth1: Intel(R) PRO/1000 Network Connection
[    5.787821] e1000 0000:00:08.0 enp0s8: renamed from eth1
[    5.796257] e1000 0000:00:03.0 enp0s3: renamed from eth0
Begin: Loading essential drivers ... [    7.400118] md: linear personality registered for level -1
[    7.409404] md: multipath personality registered for level -4
[    7.419644] md: raid0 personality registered for level 0
[    7.431545] md: raid1 personality registered for level 1
[    7.514690] raid6: sse2x1   gen()  9687 MB/s
[    7.587523] raid6: sse2x1   xor()  9099 MB/s
[    7.662716] raid6: sse2x2   gen() 14871 MB/s
[    7.738827] raid6: sse2x2   xor() 10574 MB/s
[    7.814664] raid6: sse2x4   gen() 17759 MB/s
[    7.889451] raid6: sse2x4   xor() 10603 MB/s
[    7.894721] raid6: using algorithm sse2x4 gen() 17759 MB/s
[    7.900152] raid6: .... xor() 10603 MB/s, rmw enabled
[    7.905091] raid6: using ssse3x2 recovery algorithm
[    7.912292] xor: measuring software checksum speed
[    8.018713]    prefetch64-sse: 47553.000 MB/sec
[    8.126677]    generic_sse: 46667.000 MB/sec
[    8.129957] xor: using function: prefetch64-sse (47553.000 MB/sec)
[    8.137204] async_tx: api initialized (async)
[    8.162986] md: raid6 personality registered for level 6
[    8.168895] md: raid5 personality registered for level 5
[    8.173039] md: raid4 personality registered for level 4
[    8.188130] md: raid10 personality registered for level 10
done.
Begin: Running /scripts/init-premount ... done.
Begin: Mounting root file system ... Begin: Running /scripts/local-top ... done.
Begin: Running /scripts/local-premount ... [    8.266351] Btrfs loaded
Scanning for Btrfs filesystems
done.
Warning: fsck not present, so skipping root file system
[    8.320777] EXT4-fs (sda1): mounted filesystem with ordered data mode. Opts: (null)
done.
Begin: Running /scripts/local-bottom ... done.
Begin: Running /scripts/init-bottom ... done.
[    8.484431] systemd[1]: systemd 229 running in system mode. (+PAM +AUDIT +SELINUX +IMA +APPARMOR +SMACK +SYSVINIT +UTMP +LIBCRYPTSETUP +GCRYPT +GNUTLS +ACL +XZ -LZ4 +SECCOMP +BLKID +ELFUTILS +KMOD -IDN)
[    8.500042] systemd[1]: Detected virtualization oracle.
[    8.504611] systemd[1]: Detected architecture x86-64.

Welcome to [1mUbuntu 16.04.7 LTS[0m!

[    8.520648] systemd[1]: Set hostname to <ubuntu>.
[    8.531532] systemd[1]: Initializing machine ID from random generator.
[    8.536723] systemd[1]: Installed transient /etc/machine-id file.
[    8.765543] systemd[1]: Listening on Journal Socket.
[[0;32m  OK  [0m] Listening on Journal Socket.
[    8.772942] systemd[1]: Listening on Journal Audit Socket.
[[0;32m  OK  [0m] Listening on Journal Audit Socket.
[    8.780733] systemd[1]: Created slice System Slice.
[[0;32m  OK  [0m] Created slice System Slice.
[    8.792320] systemd[1]: Starting Load Kernel Modules...
         Starting Load Kernel Modules...
[    8.812572] systemd[1]: Created slice User and Session Slice.
[[0;32m  OK  [0m] Created slice User and Session Slice.
[    8.826250] Loading iSCSI transport class v2.0-870.
[    8.831234] systemd[1]: Starting Create list of required static device nodes for the current kernel...
         Starting Create list of required st... nodes for the current kernel...[    8.851971] iscsi: registered transport (tcp)

[    8.857279] systemd[1]: Listening on udev Control Socket.
[[0;32m  OK  [0m] Listening on udev Control Socket.
[    8.874124] systemd[1]: Listening on Device-mapper event daemon FIFOs.
[[0;32m  OK  [0m] Listening on Device-mapper event daemon FIFOs.
[    8.891316] systemd[1]: Set up automount Arbitrary Executable File Formats File System Automount Point.
[[0;32m  OK  [0m] Set up automount Arbitrary Executab...ats File System Automount Point.
[    8.907513] systemd[1]: Reached target User and Group Name Lookups.
[[0;32m  OK  [0m] Reached target User and Group Name Lookups.
[    8.923276] systemd[1]: Starting Set console keymap...
[    8.933959] iscsi: registered transport (iser)
         Starting Set console keymap...
[    8.943608] systemd[1]: Reached target Slices.
[[0;32m  OK  [0m] Reached target Slices.
[    8.973470] systemd[1]: Started Forward Password Requests to Wall Directory Watch.
[[0;32m  OK  [0m] Started Forward Password Requests to Wall Directory Watch.
[    8.995606] systemd[1]: Listening on Syslog Socket.
[[0;32m  OK  [0m] Listening on Syslog Socket.
[    9.008493] systemd[1]: Starting Uncomplicated firewall...
         Starting Uncomplicated firewall...
[    9.025784] systemd[1]: Listening on /dev/initctl Compatibility Named Pipe.
[[0;32m  OK  [0m] Listening on /dev/initctl Compatibility Named Pipe.
[    9.038113] systemd[1]: Started Trigger resolvconf update for networkd DNS.
[[0;32m  OK  [0m] Started Trigger resolvconf update for networkd DNS.
[    9.051177] systemd[1]: Mounting POSIX Message Queue File System...
         Mounting POSIX Message Queue File System...
[    9.063919] systemd[1]: Reached target System Time Synchronized.
[[0;32m  OK  [0m] Reached target System Time Synchronized.
[    9.073263] systemd[1]: Listening on LVM2 poll daemon socket.
[[0;32m  OK  [0m] Listening on LVM2 poll daemon socket.
[    9.084302] systemd[1]: Listening on fsck to fsckd communication Socket.
[[0;32m  OK  [0m] Listening on fsck to fsckd communication Socket.
[    9.094621] systemd[1]: Starting File System Check on Root Device...
         Starting File System Check on Root Device...
[    9.114805] systemd[1]: Mounting Debug File System...
         Mounting Debug File System...
[    9.132288] systemd[1]: Reached target Encrypted Volumes.
[[0;32m  OK  [0m] Reached target Encrypted Volumes.
[    9.143285] systemd[1]: Listening on Journal Socket (/dev/log).
[[0;32m  OK  [0m] Listening on Journal Socket (/dev/log).
[    9.152437] systemd[1]: Listening on udev Kernel Socket.
[[0;32m  OK  [0m] Listening on udev Kernel Socket.
[    9.160329] systemd[1]: Created slice system-serial\x2dgetty.slice.
[[0;32m  OK  [0m] Created slice system-serial\x2dgetty.slice.
[    9.171757] systemd[1]: Mounting Huge Pages File System...
         Mounting Huge Pages File System...
[    9.184944] systemd[1]: Starting Journal Service...
         Starting Journal Service...
[    9.219206] systemd[1]: Starting Nameserver information manager...
         Starting Nameserver information manager...
[    9.232421] systemd[1]: Reached target Swap.
[[0;32m  OK  [0m] Reached target Swap.
[    9.244013] systemd[1]: Listening on LVM2 metadata daemon socket.
[[0;32m  OK  [0m] Listening on LVM2 metadata daemon socket.
[    9.255818] systemd[1]: Starting Monitoring of LVM2 mirrors, snapshots etc. using dmeventd or progress polling...
[    9.265546] random: nonblocking pool is initialized
         Starting Monitoring of LVM2 mirrors... dmeventd or progress polling...
[    9.294369] systemd[1]: Mounted POSIX Message Queue File System.
[[0;32m  OK  [0m] Mounted POSIX Message Queue File System.
[    9.306495] systemd[1]: Mounted Debug File System.
[[0;32m  OK  [0m] Mounted Debug File System.
[    9.315064] systemd[1]: Mounted Huge Pages File System.
[[0;32m  OK  [0m] Mounted Huge Pages File System.
[    9.324644] systemd[1]: Started Journal Service.
[[0;32m  OK  [0m] Started Journal Service.
[[0;32m  OK  [0m] Started Load Kernel Modules.
[[0;32m  OK  [0m] Started Create list of required sta...ce nodes for the current kernel.
[[0;32m  OK  [0m] Started Set console keymap.
[[0;32m  OK  [0m] Started Uncomplicated firewall.
[[0;32m  OK  [0m] Started File System Check on Root Device.
[[0;32m  OK  [0m] Started LVM2 metadata daemon.
[[0;32m  OK  [0m] Started File System Check Daemon to report status.
         Starting Remount Root and Kernel File Systems...
[    9.404528] EXT4-fs (sda1): re-mounted. Opts: (null)
         Starting Create Static Device Nodes in /dev...
         Starting Apply Kernel Variables...
         Mounting FUSE Control File System...
[[0;32m  OK  [0m] Mounted FUSE Control File System.
[[0;32m  OK  [0m] Started Nameserver information manager.
[[0;32m  OK  [0m] Started Remount Root and Kernel File Systems.
[[0;32m  OK  [0m] Started Create Static Device Nodes in /dev.
[[0;32m  OK  [0m] Started Apply Kernel Variables.
         Starting udev Kernel Device Manager...
         Starting Flush Journal to Persistent Storage...
         Starting Load/Save Random Seed...
         Starting udev Coldplug all Devices...
[[0;32m  OK  [0m] Started udev Kernel Device Manager.
[[0;32m  OK  [0m] Started Load/Save Random Seed.
[[0;32m  OK  [0m] Started Flush Journal to Persistent Storage.
[[0;32m  OK  [0m] Started Monitoring of LVM2 mirrors,...ng dmeventd or progress polling.
[[0;32m  OK  [0m] Reached target Local File Systems (Pre).
[[0;32m  OK  [0m] Reached target Local File Systems.
         Starting Set console font and keymap...
         Starting Commit a transient machine-id on disk...
         Starting LSB: AppArmor initialization...
         Starting Initial cloud-init job (pre-networking)...
         Starting Create Volatile Files and Directories...
         Starting Tell Plymouth To Write Out Runtime Data...
[[0;32m  OK  [0m] Started udev Coldplug all Devices.
[[0;32m  OK  [0m] Started Commit a transient machine-id on disk.
[[0;32m  OK  [0m] Started Create Volatile Files and Directories.
[[0;32m  OK  [0m] Started Tell Plymouth To Write Out Runtime Data.
         Starting Update UTMP about System Boot/Shutdown...
[[0;32m  OK  [0m] Started Dispatch Password Requests to Console Directory Watch.
[[0;32m  OK  [0m] Started Update UTMP about System Boot/Shutdown.
[[0;32m  OK  [0m] Found device /dev/ttyS0.
[[0;32m  OK  [0m] Listening on Load/Save RF Kill Switch Status /dev/rfkill Watch.
[   11.824716] cloud-init[489]: Cloud-init v. 21.1-19-gbad84ad4-0ubuntu1~16.04.2 running 'init-local' at Mon, 07 Jun 2021 18:36:05 +0000. Up 10.81 seconds.
[[0;32m  OK  [0m] Started LSB: AppArmor initialization.
         Starting Load AppArmor profiles managed internally by snapd...
[[0;32m  OK  [0m] Started Initial cloud-init job (pre-networking).
[[0;32m  OK  [0m] Started Load AppArmor profiles managed internally by snapd.
[[0;32m  OK  [0m] Reached target Network (Pre).
         Starting Raise network interfaces...
[[0;32m  OK  [0m] Started Set console font and keymap.
[[0;32m  OK  [0m] Created slice system-getty.slice.
[[0;32m  OK  [0m] Started Raise network interfaces.
         Starting Initial cloud-init job (metadata service crawler)...
[[0;32m  OK  [0m] Reached target Network.
[   14.500859] cloud-init[951]: Cloud-init v. 21.1-19-gbad84ad4-0ubuntu1~16.04.2 running 'init' at Mon, 07 Jun 2021 18:36:08 +0000. Up 13.87 seconds.
[   14.517837] cloud-init[951]: ci-info: ++++++++++++++++++++++++++++++++++++++Net device info+++++++++++++++++++++++++++++++++++++++
[   14.540864] cloud-init[951]: ci-info: +--------+-------+----------------------------+---------------+--------+-------------------+
[   14.556423] cloud-init[951]: ci-info: | Device |   Up  |          Address           |      Mask     | Scope  |     Hw-Address    |
[   14.577423] cloud-init[951]: ci-info: +--------+-------+----------------------------+---------------+--------+-------------------+[[0;32m  OK  [0m] Started Initial cloud-init job (metadata service crawler).
[   14.597547] cloud-init[951]: 
[[0;32m  OK  [0mci-info: | enp0s3 |  True |         10.0.2.15          | 255.255.255.0 | global | 02:ed:98:3c:8e:82 |
] Reached target Cloud-config availability.
[[0;32m  OK  [0m] Reached target System Initialization.
[   14.615103] cloud-init[951]: ci-info: | enp0s3 |  True | fe80::ed:98ff:fe3c:8e82/64 |       .       |  link  | 02:ed:98:3c:8e:82 |[[0;32m  OK  [0m] Listening on ACPID Listen Socket.
[[0;32m  OK  [0m
[   14.629640] cloud-init[951]: ] Started Message of the Day.
ci-info: | enp0s8 | False |             .              |       .       |   .    | 08:00:27:d4:7d:15 |
         Starting Socket activation for snappy daemon.
[[0;32m  OK  [0m] Started Daily Cleanup of Temporary Directories.[   14.649574] cloud-init[951]: ci-info: |   lo   |  True |         127.0.0.1          |   255.0.0.0   |  host  |         .         |

[[0;32m  OK  [0m] Started Daily apt download activities.[   14.660676] cloud-init[951]: ci-info: |   lo   |  True |          ::1/128           |       .       |  host  |         .         |
[[0;32m  OK  [0m] Started Daily apt upgrade and clean activities.
[   14.673083] cloud-init[951]: ci-info: +--------+-------+----------------------------+---------------+--------+-------------------+
[[0;32m  OK  [0m] Listening on UUID daemon activation socket.

[   14.686179] cloud-init[951]: ci-info: +++++++++++++++++++++++++++Route IPv4 info++++++++++++++++++++++++++++
[[0;32m  OK  [0m] Started ACPI Events Check.[   14.696691] cloud-init[951]: ci-info: +-------+-------------+----------+---------------+-----------+-------+
[[0;32m  OK  [0m] Reached target Paths.

         Starting LXD - unix socket.
[[   14.712422] cloud-init[951]: ci-info: | Route | Destination | Gateway  |    Genmask    | Interface | Flags |[0;32m  OK  [0m] 
[   14.721194] cloud-init[951]: ci-info: +-------+-------------+----------+---------------+-----------+-------+Reached target Timers.
[[0;32m  OK  [0m] Listening on D-Bus System Message Bus Socket.
[   14.733724] cloud-init[951]: 
[[0;32m  OK  [0m] Reached target Network is Online.ci-info: |   0   |   0.0.0.0   | 10.0.2.2 |    0.0.0.0    |   enp0s3  |   UG  |
[   14.743648] 
         cloud-init[951]: ci-info: |   1   |   10.0.2.0  | 0.0.0.0  | 255.255.255.0 |   enp0s3  |   U   |Starting iSCSI initiator daemon (iscsid)...
[[0;32m  OK  [0m] Listening on Socket activation for snappy daemon.
[   14.765602] 
[cloud-init[951]: [0;32m  OK  [0m] Listening on LXD - unix socket.
[[0;32m  OK  [0mci-info: +-------+-------------+----------+---------------+-----------+-------+] Reached target Sockets.
[[0;32m  OK  [0m
[   14.788160] cloud-init[951]: ci-info: +++++++++++++++++++Route IPv6 info+++++++++++++++++++] Reached target Basic System.
[
[   14.798557] cloud-init[0;32m  OK  [0m] Started FUSE filesystem for LXC.
         [951]: ci-info: +-------+-------------+---------+-----------+-------+
Starting /etc/rc.local Compatibility...
[   14.817234] cloud-init         Starting Login Service...
         [951]: ci-info: | Route | Destination | Gateway | Interface | Flags |Starting Accounts Service...

         Starting Virtualbox guest utils...
         Starting LXD - container startup/shutdown...[   14.861207] 
cloud-init[[0;32m  OK  [0m[951]: ] Started ACPI event daemon.
[[0;32m  OK  [0m] Started Regular background program processing daemon.
         Starting LSB: Record successful boot for GRUB...ci-info: +-------+-------------+---------+-----------+-------+
         Starting Snap Daemon...
         Starting System Logging Service...
[[0;32m  OK  [0m] Started D-Bus System Message Bus.

[   14.989067] cloud-init[951]: ci-info: |   0   |  fe80::/64  |    ::   |   enp0s3  |   U   |
[   15.051645] cloud-init[951]:          Starting LSB: MD monitoring daemon...
         Starting Pollinate to seed the pseudo random number generator...
[[0;32m  OK  [0m] Started Deferred execution scheduler.
[[0;32m  OK  [0m] Started System Logging Service.
[[0;32m  OK  [0m] Started /etc/rc.local Compatibility.ci-info: |   3   |   ff00::/8  |    ::   |   enp0s3  |   U   |
[[0;32m  OK  [0m] Started iSCSI initiator daemon (iscsid).

         Starting Login to default iSCSI targets...[   15.197286] cloud-init[951]: ci-info: +-------+-------------+---------+-----------+-------+
[[0;32m  OK  [0m] Started Login Service.
[[0;32m  OK  [0m] Started LSB: Record successful boot for GRUB.
         Starting Authenticate and Authorize Users to Run Privileged Tasks...
[[0;32m  OK  [0m] Started Unattended Upgrades Shutdown.

[[0;32m  OK  [0m] Started LSB: MD monitoring daemon.
[[0;32m  OK  [0m] Started Login to default iSCSI targets.[   15.352207] cloud-init[951]: 
[[0;32m  OK  [0m] Reached target Remote File Systems (Pre).
[[0;32m  OK  [0m] Reached target Remote File Systems.
         Starting LSB: daemon to balance interrupts for SMP systems...
         Starting LSB: automatic crash report generation...
         Starting Permit User Sessions...
         Starting LSB: Set the CPU Frequency Scaling governor to "ondemand"...
[[0;32m  OK  [0m] Started Permit User Sessions.
Generating public/private rsa key pair.         Starting Hold until boot process finishes up...
         Starting Terminate Plymouth Boot Screen...

[[0;32m  OK  [0m] Started Hold until boot process finishes up.[   15.516471] cloud-init[951]: Your identification has been saved in /etc/ssh/ssh_host_rsa_key.
[[0;32m  OK  [0m] Started Terminate Plymouth Boot Screen.
[[0;32m  OK  [0m] Started Getty on tty1.
         Starting Set console scheme...
[[0;32m  OK  [0m
] Started Serial Getty on ttyS0.
[[0;32m  OK  [0m] Reached target Login Prompts.
[[0;32m  OK  [0m] [   15.609076] Started Set console scheme.
[[0;32m  OK  [0m] Started LSB: Set the CPU Frequency Scaling governor to "ondemand".
cloud-init[951]: Your public key has been saved in /etc/ssh/ssh_host_rsa_key.pub.
[[0;32m  OK  [0m] Started Authenticate and Authorize Users to Run Privileged Tasks.
[[0;32m  OK  [0m] Started Accounts Service.
[   15.732707] cloud-init[951]: [[0;32m  OK  [0m] Started LXD - container startup/shutdown.
[[0;32m  OK  [0m] Started LSB: daemon to balance interrupts for SMP systems.
The key fingerprint is:
[   15.822553] cloud-init[951]: SHA256:1fif5Rf7zw3Yn+adQhHs7I3BUYlix8mBUZOa9pkQPyc root@ubuntu-xenial
[   15.864845] cloud-init[951]: The key's randomart image is:[[0;32m  OK  [0m] Started LSB: automatic crash report generation.

[   15.931539] cloud-init[951]: +---[RSA 2048]----+
[   16.001337] cloud-init[951]: |           .B+*..|
[   16.084618] cloud-init[951]: |           B @.. |
[   16.116568] cloud-init[951]: [[0;32m  OK  [0m] Started Virtualbox guest utils.
|          + % o  |
[   16.165431] cloud-init[951]: |         . * E . |
[   16.188632] cloud-init[951]: |        S . = @..|
[   16.210529] cloud-init[951]: |             @ =o|
[   16.231776] cloud-init[951]: |            o =.o|
[   16.260698] cloud-init[951]: |             . =B|
[   16.274340] cloud-init[951]: |              ++O|
[   16.323684] cloud-init[951]: +----[SHA256]-----+
[   16.366113] cloud-init[951]: Generating public/private dsa key pair.
[   16.403237] cloud-init[951]: Your identification has been saved in /etc/ssh/ssh_host_dsa_key.
[   16.437840] cloud-init[951]: Your public key has been saved in /etc/ssh/ssh_host_dsa_key.pub.
[   16.460420] cloud-init[951]: The key fingerprint is:
[   16.485667] cloud-init[951]: SHA256:eNvbDXPmZMoWbglhWv/KIg2xV5yX1jqz2jtqn5LIZ1w root@ubuntu-xenial
[   16.500262] cloud-init[951]: The key's randomart image is:
[   16.510209] cloud-init[951]: +---[DSA 1024]----+
[   16.522079] cloud-init[951]: |                 |[[0;32m  OK  [0m] Started Snap Daemon.
         
[   16.539242] Starting Wait until snapd is fully seeded...
cloud-init[951]: |                 |
[   16.570682] cloud-init[951]: |           . . o |
[   16.587929] cloud-init[951]: |       .. + + + .|
[   16.611587] cloud-init[951]: |      . S* + o . |
[   16.626706] cloud-init[951]: |       .+oo o E  |
[   16.654645] cloud-init[951]: |        .=.=o*=+ |
[   16.671422] cloud-init[951]: |        . ==%%+. |
[   16.693367] cloud-init[951]: |         ..BO*Bo |
[   16.713867] cloud-init[951]: +----[SHA256]-----+
[   16.736431] cloud-init[951]: Generating public/private ecdsa key pair.
[   16.756282] cloud-init[951]: Your identification has been saved in /etc/ssh/ssh_host_ecdsa_key.
[   16.777505] cloud-init[951]: Your public key has been saved in /etc/ssh/ssh_host_ecdsa_key.pub.
[   16.805277] cloud-init[951]: The key fingerprint is:
[   16.830414] cloud-init[951]: SHA256:hJP4FJRA37L/MmCDh5TidB1wX8EGF4HKCuICHCReV+M root@ubuntu-xenial
[   16.851979] cloud-init[951]: The key's randomart image is:
[   16.869543] cloud-init[951]: +---[ECDSA 256]---+
[   16.883832] cloud-init[951]: |o. o+==+.+*+     |
[   16.901680] cloud-init[951]: |o.. .++*ooo      |
[   16.918281] cloud-init[951]: |... .+BE+.       |
[   16.933141] cloud-init[951]: |o.+ +o+=         |
[   16.951311] cloud-init[951]: |o+ = +o S        |
[   16.970854] cloud-init[951]: |... + =.         |
[   16.984443] cloud-init[951]: |.    o o.        |
[   17.004069] cloud-init[951]: |        o.       |
[   17.015779] cloud-init[951]: |         o.      |
[   17.023563] cloud-init[951]: +----[SHA256]-----+
[   17.049573] cloud-init[951]: Generating public/private ed25519 key pair.
[   17.064961] cloud-init[951]: Your identification has been saved in /etc/ssh/ssh_host_ed25519_key.
[   17.090170] cloud-init[951]: Your public key has been saved in /etc/ssh/ssh_host_ed25519_key.pub.
[   17.106798] cloud-init[951]: The key fingerprint is:
[   17.118603] cloud-init[951]: SHA256:2y7036dN9BVc5l5zx9IJo+tA7+yIIsRtLKPkFrELcyA root@ubuntu-xenial
[   17.136566] cloud-init[951]: The key's randomart image is:
[   17.151086] cloud-init[951]: +--[ED25519 256]--+
[   17.170652] cloud-init[951]: |             o  o|
[   17.184147] cloud-init[951]: |            . +=o|
[   17.198542] cloud-init[951]: |         . .  .=B|
[   17.214698] cloud-init[951]: |E.      . . .  o*|
[   17.226827] cloud-init[951]: |..+ o   S. o    +|
[   17.240306] cloud-init[951]: |o+.= +  .o=    .o|
[   17.256049] cloud-init[951]: |+o= +  ....+    o|
[   17.268280] cloud-init[951]: | = . .  o.+  . o.|
[   17.280646] cloud-init[951]: |.   . .. o.o. oo.|
[   17.295378] cloud-init[951]: +----[SHA256]-----+
[[0;32m  OK  [0m] Started Pollinate to seed the pseudo random number generator.
         Starting OpenBSD Secure Shell server...
[[0;32m  OK  [0m] Started OpenBSD Secure Shell server.
[[0;32m  OK  [0m] Created slice User Slice of vagrant.
         Starting User Manager for UID 1000...
[[0;32m  OK  [0m] Started Session 1 of user vagrant.
[[0;32m  OK  [0m] Started User Manager for UID 1000.

Ubuntu 16.04.7 LTS ubuntu-xenial ttyS0

ubuntu-xenial login: [   24.857928] cloud-init[1636]: Generating locales (this might take a while)...
[   26.954940] cloud-init[1636]:   en_US.UTF-8... done
[   26.970928] cloud-init[1636]: Generation complete.
[   27.479812] cloud-init[1636]: Cloud-init v. 21.1-19-gbad84ad4-0ubuntu1~16.04.2 running 'modules:config' at Mon, 07 Jun 2021 18:36:19 +0000. Up 24.66 seconds.
ci-info: no authorized SSH keys fingerprints found for user ubuntu.
<14>Jun  7 18:36:22 ec2: 
<14>Jun  7 18:36:22 ec2: #############################################################
<14>Jun  7 18:36:22 ec2: -----BEGIN SSH HOST KEY FINGERPRINTS-----
<14>Jun  7 18:36:22 ec2: 1024 SHA256:eNvbDXPmZMoWbglhWv/KIg2xV5yX1jqz2jtqn5LIZ1w root@ubuntu-xenial (DSA)
<14>Jun  7 18:36:22 ec2: 256 SHA256:hJP4FJRA37L/MmCDh5TidB1wX8EGF4HKCuICHCReV+M root@ubuntu-xenial (ECDSA)
<14>Jun  7 18:36:22 ec2: 256 SHA256:2y7036dN9BVc5l5zx9IJo+tA7+yIIsRtLKPkFrELcyA root@ubuntu-xenial (ED25519)
<14>Jun  7 18:36:22 ec2: 2048 SHA256:1fif5Rf7zw3Yn+adQhHs7I3BUYlix8mBUZOa9pkQPyc root@ubuntu-xenial (RSA)
<14>Jun  7 18:36:22 ec2: -----END SSH HOST KEY FINGERPRINTS-----
<14>Jun  7 18:36:22 ec2: #############################################################
-----BEGIN SSH HOST KEY KEYS-----
ecdsa-sha2-nistp256 AAAAE2VjZHNhLXNoYTItbmlzdHAyNTYAAAAIbmlzdHAyNTYAAABBBJjz6/B+IFueOM8sVBhEHRZlimzhZCCdFb0dS34Me4m9/IdjFrJarNZFg20KnE0A2qDSgLOWI95sejwA8jJQfe4= root@ubuntu-xenial
ssh-ed25519 AAAAC3NzaC1lZDI1NTE5AAAAIPuOTY0c1xNZ1zo+arLT9lp4xLhGTMHrCEwonHrGrR0y root@ubuntu-xenial
ssh-rsa AAAAB3NzaC1yc2EAAAADAQABAAABAQDOw69XdkYodvoHm6EbscynDUxYbLqZD+4agVmYT3MagbGIgBC6VdsSKzZHPwDd1aSQQGEcgMdcYCdGrX1O/qN7TPqh9LmxQUjEAJVcwc9n6mpQMWZ7zvHzdzQGcPsIizVQcm1baQ75TcDC/oFtbPBBVZHgwzO0qpW8rxGgLODlAHucFspVkInvSbdKcJZlI0TCTorpi0B7B/MZ1mIWhIoh49ksultHd6Yd0HTX6druYQJLkpp3fOhcT7FPQ8LsCtOF4U8vRkwd4/8u6W0vA2Cxjr4nvR42Y32lI2Oekivd1C+RuX09oyCsYxMsnAXbOLx5xCNPzQ5YNRXQ400ZZ5tb root@ubuntu-xenial
-----END SSH HOST KEY KEYS-----
[   28.208472] cloud-init[1995]: Cloud-init v. 21.1-19-gbad84ad4-0ubuntu1~16.04.2 running 'modules:final' at Mon, 07 Jun 2021 18:36:22 +0000. Up 27.89 seconds.
[   28.227057] cloud-init[1995]: ci-info: no authorized SSH keys fingerprints found for user ubuntu.
[   28.254247] cloud-init[1995]: Cloud-init v. 21.1-19-gbad84ad4-0ubuntu1~16.04.2 finished at Mon, 07 Jun 2021 18:36:22 +0000. Datasource DataSourceNoCloud [seed=/dev/sdb][dsmode=net].  Up 28.18 seconds
