[2021-08-26 16:31:41] [WARN ] [DentistDAOH2:89] No existe ningún odontólogo con el ID proporcionado
[2021-08-26 16:31:43] [WARN ] [DentistDAOH2:89] No existe ningún odontólogo con el ID proporcionado
[2021-08-26 16:32:32] [WARN ] [DentistDAOH2:89] No existe ningún odontólogo con el ID proporcionado
[2021-08-26 16:32:54] [WARN ] [DentistDAOH2:89] No existe ningún odontólogo con el ID proporcionado
[2021-08-26 16:33:32] [WARN ] [DentistDAOH2:89] No existe ningún odontólogo con el ID proporcionado
[2021-08-26 16:37:09] [ERROR] [H2Database:24] Error trying to connect to database: Conexión rota: "java.net.SocketTimeoutException: connect timed out: localhost"
Connection is broken: "java.net.SocketTimeoutException: connect timed out: localhost" [90067-200]
[2021-08-26 16:37:39] [ERROR] [DentistDAOH2:36] Columna "LICENSE_NUMBER" no encontrada
Column "LICENSE_NUMBER" not found; SQL statement:
INSERT INTO DENTIST (license_number, first_name, last_name) VALUES (?, ?, ?); [42122-200]
[2021-08-26 16:37:39] [WARN ] [DentistDAOH2:89] No existe ningún odontólogo con el ID proporcionado
[2021-08-26 16:47:10] [DEBUG] [DentistDAOH2:23] Creando odontólogo...
[2021-08-26 16:47:10] [DEBUG] [DentistDAOH2:23] Creando odontólogo...
[2021-08-26 16:47:10] [DEBUG] [DentistDAOH2:103] Listando odontólogos...
[2021-08-26 16:47:10] [DEBUG] [DentistDAOH2:66] Eliminando odontólogo con ID=13...
[2021-08-26 16:47:10] [DEBUG] [DentistDAOH2:44] Actualizando odontólogo con ID=12...
[2021-08-26 16:47:10] [DEBUG] [DentistDAOH2:82] Obteniendo odontólogo con ID=12...
[2021-08-26 16:48:23] [DEBUG] [DentistDAOH2:23] Creando odontólogo...
[2021-08-26 16:48:23] [DEBUG] [DentistDAOH2:23] Creando odontólogo...
[2021-08-26 16:48:23] [DEBUG] [DentistDAOH2:103] Listando odontólogos...
[2021-08-26 16:48:23] [DEBUG] [DentistDAOH2:66] Eliminando odontólogo con ID=15...
[2021-08-26 16:48:23] [DEBUG] [DentistDAOH2:44] Actualizando odontólogo con ID=14...
[2021-08-26 16:48:23] [DEBUG] [DentistDAOH2:82] Obteniendo odontólogo con ID=14...
[2021-08-26 16:49:06] [DEBUG] [DentistDAOH2:23] Creando odontólogo...
[2021-08-26 16:49:06] [DEBUG] [DentistDAOH2:82] Obteniendo odontólogo con ID=1...
[2021-08-26 16:49:06] [DEBUG] [DentistDAOH2:23] Creando odontólogo...
[2021-08-26 16:49:06] [DEBUG] [DentistDAOH2:23] Creando odontólogo...
[2021-08-26 16:49:06] [DEBUG] [DentistDAOH2:44] Actualizando odontólogo con ID=3...
[2021-08-26 16:49:06] [DEBUG] [DentistDAOH2:23] Creando odontólogo...
[2021-08-26 16:49:06] [DEBUG] [DentistDAOH2:66] Eliminando odontólogo con ID=4...
[2021-08-26 16:49:06] [DEBUG] [DentistDAOH2:82] Obteniendo odontólogo con ID=4...
[2021-08-26 16:49:06] [WARN ] [DentistDAOH2:92] No existe ningún odontólogo con el ID proporcionado
[2021-08-26 16:49:06] [DEBUG] [DentistDAOH2:23] Creando odontólogo...
[2021-08-26 16:49:06] [DEBUG] [DentistDAOH2:103] Listando odontólogos...
[2021-08-26 16:53:09] [DEBUG] [DentistDAOH2:23] Creando odontólogo...
[2021-08-26 16:53:09] [DEBUG] [DentistDAOH2:33] Odontólogo creado:
Dentist{licenseNumber=3785, firstName='Ian', lastName='Vaernet'}
[2021-08-26 16:53:09] [DEBUG] [DentistDAOH2:86] Obteniendo odontólogo con ID=1...
[2021-08-26 16:53:10] [DEBUG] [DentistDAOH2:95] Odontólogo encontrado:
Dentist{licenseNumber=3785, firstName='Ian', lastName='Vaernet'}
[2021-08-26 16:53:10] [DEBUG] [DentistDAOH2:23] Creando odontólogo...
[2021-08-26 16:53:10] [DEBUG] [DentistDAOH2:33] Odontólogo creado:
Dentist{licenseNumber=3785, firstName='Ian', lastName='Vaernet'}
[2021-08-26 16:53:10] [DEBUG] [DentistDAOH2:23] Creando odontólogo...
[2021-08-26 16:53:10] [DEBUG] [DentistDAOH2:33] Odontólogo creado:
Dentist{licenseNumber=3785, firstName='Ian', lastName='Vaernet'}
[2021-08-26 16:53:10] [DEBUG] [DentistDAOH2:45] Actualizando odontólogo con ID=3...
[2021-08-26 16:53:10] [DEBUG] [DentistDAOH2:54] Odontólogo actualizado:
Dentist{licenseNumber=3785, firstName='Ian Alexis', lastName='Vaernet'}
[2021-08-26 16:53:10] [DEBUG] [DentistDAOH2:23] Creando odontólogo...
[2021-08-26 16:53:10] [DEBUG] [DentistDAOH2:33] Odontólogo creado:
Dentist{licenseNumber=3785, firstName='Ian', lastName='Vaernet'}
[2021-08-26 16:53:10] [DEBUG] [DentistDAOH2:68] Eliminando odontólogo con ID=4...
[2021-08-26 16:53:10] [DEBUG] [DentistDAOH2:76] Odontólogo eliminado
[2021-08-26 16:53:10] [DEBUG] [DentistDAOH2:86] Obteniendo odontólogo con ID=4...
[2021-08-26 16:53:10] [WARN ] [DentistDAOH2:97] No existe ningún odontólogo con el ID proporcionado
[2021-08-26 16:53:10] [DEBUG] [DentistDAOH2:23] Creando odontólogo...
[2021-08-26 16:53:10] [DEBUG] [DentistDAOH2:33] Odontólogo creado:
Dentist{licenseNumber=3785, firstName='Ian', lastName='Vaernet'}
[2021-08-26 16:53:10] [DEBUG] [DentistDAOH2:108] Listando odontólogos...
[2021-08-26 16:53:10] [DEBUG] [DentistDAOH2:117] Dentist{licenseNumber=3785, firstName='Ian', lastName='Vaernet'}
[2021-08-26 16:53:10] [DEBUG] [DentistDAOH2:117] Dentist{licenseNumber=3785, firstName='Ian', lastName='Vaernet'}
[2021-08-26 16:53:10] [DEBUG] [DentistDAOH2:117] Dentist{licenseNumber=3785, firstName='Ian Alexis', lastName='Vaernet'}
[2021-08-26 16:53:10] [DEBUG] [DentistDAOH2:117] Dentist{licenseNumber=3785, firstName='Ian', lastName='Vaernet'}
[2021-08-26 16:54:01] [DEBUG] [DentistDAOH2:23] Creando odontólogo...
[2021-08-26 16:54:01] [DEBUG] [DentistDAOH2:33] Odontólogo creado: Dentist{licenseNumber=3785, firstName='Ian', lastName='Vaernet'}
[2021-08-26 16:54:01] [DEBUG] [DentistDAOH2:86] Obteniendo odontólogo con ID=1...
[2021-08-26 16:54:02] [DEBUG] [DentistDAOH2:95] Odontólogo encontrado:
Dentist{licenseNumber=3785, firstName='Ian', lastName='Vaernet'}
[2021-08-26 16:54:02] [DEBUG] [DentistDAOH2:23] Creando odontólogo...
[2021-08-26 16:54:02] [DEBUG] [DentistDAOH2:33] Odontólogo creado: Dentist{licenseNumber=3785, firstName='Ian', lastName='Vaernet'}
[2021-08-26 16:54:02] [DEBUG] [DentistDAOH2:23] Creando odontólogo...
[2021-08-26 16:54:02] [DEBUG] [DentistDAOH2:33] Odontólogo creado: Dentist{licenseNumber=3785, firstName='Ian', lastName='Vaernet'}
[2021-08-26 16:54:02] [DEBUG] [DentistDAOH2:45] Actualizando odontólogo con ID=3...
[2021-08-26 16:54:02] [DEBUG] [DentistDAOH2:54] Odontólogo actualizado:
Dentist{licenseNumber=3785, firstName='Ian Alexis', lastName='Vaernet'}
[2021-08-26 16:54:02] [DEBUG] [DentistDAOH2:23] Creando odontólogo...
[2021-08-26 16:54:02] [DEBUG] [DentistDAOH2:33] Odontólogo creado: Dentist{licenseNumber=3785, firstName='Ian', lastName='Vaernet'}
[2021-08-26 16:54:02] [DEBUG] [DentistDAOH2:68] Eliminando odontólogo con ID=4...
[2021-08-26 16:54:02] [DEBUG] [DentistDAOH2:76] Odontólogo eliminado
[2021-08-26 16:54:02] [DEBUG] [DentistDAOH2:86] Obteniendo odontólogo con ID=4...
[2021-08-26 16:54:02] [WARN ] [DentistDAOH2:97] No existe ningún odontólogo con el ID proporcionado
[2021-08-26 16:54:02] [DEBUG] [DentistDAOH2:23] Creando odontólogo...
[2021-08-26 16:54:02] [DEBUG] [DentistDAOH2:33] Odontólogo creado: Dentist{licenseNumber=3785, firstName='Ian', lastName='Vaernet'}
[2021-08-26 16:54:02] [DEBUG] [DentistDAOH2:108] Listando odontólogos...
[2021-08-26 16:54:02] [DEBUG] [DentistDAOH2:117] Dentist{licenseNumber=3785, firstName='Ian', lastName='Vaernet'}
[2021-08-26 16:54:02] [DEBUG] [DentistDAOH2:117] Dentist{licenseNumber=3785, firstName='Ian', lastName='Vaernet'}
[2021-08-26 16:54:02] [DEBUG] [DentistDAOH2:117] Dentist{licenseNumber=3785, firstName='Ian Alexis', lastName='Vaernet'}
[2021-08-26 16:54:02] [DEBUG] [DentistDAOH2:117] Dentist{licenseNumber=3785, firstName='Ian', lastName='Vaernet'}
[2021-08-26 16:55:24] [DEBUG] [DentistDAOH2:23] Creando odontólogo...
[2021-08-26 16:55:24] [DEBUG] [DentistDAOH2:33] Odontólogo creado: Dentist{licenseNumber=3785, firstName=Ian, lastName=Vaernet}
[2021-08-26 16:55:24] [DEBUG] [DentistDAOH2:86] Obteniendo odontólogo con ID=1...
[2021-08-26 16:55:24] [DEBUG] [DentistDAOH2:95] Odontólogo encontrado:
Dentist{licenseNumber=3785, firstName=Ian, lastName=Vaernet}
[2021-08-26 16:55:24] [DEBUG] [DentistDAOH2:23] Creando odontólogo...
[2021-08-26 16:55:24] [DEBUG] [DentistDAOH2:33] Odontólogo creado: Dentist{licenseNumber=3785, firstName=Ian, lastName=Vaernet}
[2021-08-26 16:55:24] [DEBUG] [DentistDAOH2:23] Creando odontólogo...
[2021-08-26 16:55:24] [DEBUG] [DentistDAOH2:33] Odontólogo creado: Dentist{licenseNumber=3785, firstName=Ian, lastName=Vaernet}
[2021-08-26 16:55:24] [DEBUG] [DentistDAOH2:45] Actualizando odontólogo con ID=3...
[2021-08-26 16:55:24] [DEBUG] [DentistDAOH2:54] Odontólogo actualizado:
Dentist{licenseNumber=3785, firstName=Ian Alexis, lastName=Vaernet}
[2021-08-26 16:55:24] [DEBUG] [DentistDAOH2:23] Creando odontólogo...
[2021-08-26 16:55:24] [DEBUG] [DentistDAOH2:33] Odontólogo creado: Dentist{licenseNumber=3785, firstName=Ian, lastName=Vaernet}
[2021-08-26 16:55:24] [DEBUG] [DentistDAOH2:68] Eliminando odontólogo con ID=4...
[2021-08-26 16:55:24] [DEBUG] [DentistDAOH2:76] Odontólogo eliminado
[2021-08-26 16:55:24] [DEBUG] [DentistDAOH2:86] Obteniendo odontólogo con ID=4...
[2021-08-26 16:55:24] [WARN ] [DentistDAOH2:97] No existe ningún odontólogo con el ID proporcionado
[2021-08-26 16:55:25] [DEBUG] [DentistDAOH2:23] Creando odontólogo...
[2021-08-26 16:55:25] [DEBUG] [DentistDAOH2:33] Odontólogo creado: Dentist{licenseNumber=3785, firstName=Ian, lastName=Vaernet}
[2021-08-26 16:55:25] [DEBUG] [DentistDAOH2:108] Listando odontólogos...
[2021-08-26 16:55:25] [DEBUG] [DentistDAOH2:117] Dentist{licenseNumber=3785, firstName=Ian, lastName=Vaernet}
[2021-08-26 16:55:25] [DEBUG] [DentistDAOH2:117] Dentist{licenseNumber=3785, firstName=Ian, lastName=Vaernet}
[2021-08-26 16:55:25] [DEBUG] [DentistDAOH2:117] Dentist{licenseNumber=3785, firstName=Ian Alexis, lastName=Vaernet}
[2021-08-26 16:55:25] [DEBUG] [DentistDAOH2:117] Dentist{licenseNumber=3785, firstName=Ian, lastName=Vaernet}
[2021-08-26 16:56:19] [DEBUG] [DentistDAOH2:23] Creando odontólogo...
[2021-08-26 16:56:19] [DEBUG] [DentistDAOH2:33] Odontólogo creado: Dentist{licenseNumber=3785, firstName=Ian, lastName=Vaernet}
[2021-08-26 16:56:19] [DEBUG] [DentistDAOH2:86] Obteniendo odontólogo con ID=1...
[2021-08-26 16:56:19] [DEBUG] [DentistDAOH2:95] Odontólogo encontrado: Dentist{licenseNumber=3785, firstName=Ian, lastName=Vaernet}
[2021-08-26 16:56:19] [DEBUG] [DentistDAOH2:23] Creando odontólogo...
[2021-08-26 16:56:19] [DEBUG] [DentistDAOH2:33] Odontólogo creado: Dentist{licenseNumber=3785, firstName=Ian, lastName=Vaernet}
[2021-08-26 16:56:19] [DEBUG] [DentistDAOH2:23] Creando odontólogo...
[2021-08-26 16:56:19] [DEBUG] [DentistDAOH2:33] Odontólogo creado: Dentist{licenseNumber=3785, firstName=Ian, lastName=Vaernet}
[2021-08-26 16:56:19] [DEBUG] [DentistDAOH2:45] Actualizando odontólogo con ID=3...
[2021-08-26 16:56:19] [DEBUG] [DentistDAOH2:54] Odontólogo actualizado: Dentist{licenseNumber=3785, firstName=Ian Alexis, lastName=Vaernet}
[2021-08-26 16:56:19] [DEBUG] [DentistDAOH2:23] Creando odontólogo...
[2021-08-26 16:56:19] [DEBUG] [DentistDAOH2:33] Odontólogo creado: Dentist{licenseNumber=3785, firstName=Ian, lastName=Vaernet}
[2021-08-26 16:56:19] [DEBUG] [DentistDAOH2:68] Eliminando odontólogo con ID=4...
[2021-08-26 16:56:19] [DEBUG] [DentistDAOH2:76] Odontólogo eliminado
[2021-08-26 16:56:19] [DEBUG] [DentistDAOH2:86] Obteniendo odontólogo con ID=4...
[2021-08-26 16:56:19] [WARN ] [DentistDAOH2:97] No existe ningún odontólogo con el ID proporcionado
[2021-08-26 16:56:19] [DEBUG] [DentistDAOH2:23] Creando odontólogo...
[2021-08-26 16:56:19] [DEBUG] [DentistDAOH2:33] Odontólogo creado: Dentist{licenseNumber=3785, firstName=Ian, lastName=Vaernet}
[2021-08-26 16:56:19] [DEBUG] [DentistDAOH2:108] Listando odontólogos...
[2021-08-26 16:56:19] [DEBUG] [DentistDAOH2:117] Dentist{licenseNumber=3785, firstName=Ian, lastName=Vaernet}
[2021-08-26 16:56:19] [DEBUG] [DentistDAOH2:117] Dentist{licenseNumber=3785, firstName=Ian, lastName=Vaernet}
[2021-08-26 16:56:19] [DEBUG] [DentistDAOH2:117] Dentist{licenseNumber=3785, firstName=Ian Alexis, lastName=Vaernet}
[2021-08-26 16:56:19] [DEBUG] [DentistDAOH2:117] Dentist{licenseNumber=3785, firstName=Ian, lastName=Vaernet}
[2021-08-26 16:59:30] [DEBUG] [DentistDAOH2:23] Creando odontólogo...
[2021-08-26 16:59:30] [DEBUG] [DentistDAOH2:33] Odontólogo creado: Dentist{licenseNumber=3785, firstName=Ian, lastName=Vaernet}
[2021-08-26 16:59:30] [DEBUG] [DentistDAOH2:86] Obteniendo odontólogo con ID=1...
[2021-08-26 16:59:30] [DEBUG] [DentistDAOH2:95] Odontólogo encontrado: Dentist{licenseNumber=3785, firstName=Ian, lastName=Vaernet}
[2021-08-26 16:59:30] [DEBUG] [DentistDAOH2:23] Creando odontólogo...
[2021-08-26 16:59:30] [DEBUG] [DentistDAOH2:33] Odontólogo creado: Dentist{licenseNumber=3785, firstName=Ian, lastName=Vaernet}
[2021-08-26 16:59:30] [DEBUG] [DentistDAOH2:23] Creando odontólogo...
[2021-08-26 16:59:30] [DEBUG] [DentistDAOH2:33] Odontólogo creado: Dentist{licenseNumber=3785, firstName=Ian, lastName=Vaernet}
[2021-08-26 16:59:30] [DEBUG] [DentistDAOH2:45] Actualizando odontólogo con ID=3...
[2021-08-26 16:59:30] [DEBUG] [DentistDAOH2:54] Odontólogo actualizado: Dentist{licenseNumber=3785, firstName=Ian Alexis, lastName=Vaernet}
[2021-08-26 16:59:30] [DEBUG] [DentistDAOH2:23] Creando odontólogo...
[2021-08-26 16:59:30] [DEBUG] [DentistDAOH2:33] Odontólogo creado: Dentist{licenseNumber=3785, firstName=Ian, lastName=Vaernet}
[2021-08-26 16:59:30] [DEBUG] [DentistDAOH2:68] Eliminando odontólogo con ID=4...
[2021-08-26 16:59:30] [DEBUG] [DentistDAOH2:76] Odontólogo eliminado
[2021-08-26 16:59:30] [DEBUG] [DentistDAOH2:86] Obteniendo odontólogo con ID=4...
[2021-08-26 16:59:30] [WARN ] [DentistDAOH2:97] No existe ningún odontólogo con el ID proporcionado
[2021-08-26 16:59:30] [DEBUG] [DentistDAOH2:23] Creando odontólogo...
[2021-08-26 16:59:30] [DEBUG] [DentistDAOH2:33] Odontólogo creado: Dentist{licenseNumber=3785, firstName=Ian, lastName=Vaernet}
[2021-08-26 16:59:30] [DEBUG] [DentistDAOH2:108] Listando odontólogos...
[2021-08-26 16:59:30] [DEBUG] [DentistDAOH2:117] Dentist{licenseNumber=3785, firstName=Ian, lastName=Vaernet}
[2021-08-26 16:59:30] [DEBUG] [DentistDAOH2:117] Dentist{licenseNumber=3785, firstName=Ian, lastName=Vaernet}
[2021-08-26 16:59:30] [DEBUG] [DentistDAOH2:117] Dentist{licenseNumber=3785, firstName=Ian Alexis, lastName=Vaernet}
[2021-08-26 16:59:30] [DEBUG] [DentistDAOH2:117] Dentist{licenseNumber=3785, firstName=Ian, lastName=Vaernet}
[2021-08-26 17:10:06] [DEBUG] [DentistDAOH2:23] Creando odontólogo...
[2021-08-26 17:10:06] [DEBUG] [DentistDAOH2:33] Odontólogo creado: Dentist{licenseNumber=3785, firstName=Ian, lastName=Vaernet}
[2021-08-26 17:10:06] [DEBUG] [DentistDAOH2:86] Obteniendo odontólogo con ID=1...
[2021-08-26 17:10:06] [DEBUG] [DentistDAOH2:95] Odontólogo encontrado: Dentist{licenseNumber=3785, firstName=Ian, lastName=Vaernet}
[2021-08-26 17:10:06] [DEBUG] [DentistDAOH2:23] Creando odontólogo...
[2021-08-26 17:10:06] [DEBUG] [DentistDAOH2:33] Odontólogo creado: Dentist{licenseNumber=3785, firstName=Ian, lastName=Vaernet}
[2021-08-26 17:10:06] [DEBUG] [DentistDAOH2:23] Creando odontólogo...
[2021-08-26 17:10:06] [DEBUG] [DentistDAOH2:33] Odontólogo creado: Dentist{licenseNumber=3785, firstName=Ian, lastName=Vaernet}
[2021-08-26 17:10:06] [DEBUG] [DentistDAOH2:45] Actualizando odontólogo con ID=3...
[2021-08-26 17:10:06] [DEBUG] [DentistDAOH2:54] Odontólogo actualizado: Dentist{licenseNumber=3785, firstName=Ian Alexis, lastName=Vaernet}
[2021-08-26 17:10:06] [DEBUG] [DentistDAOH2:23] Creando odontólogo...
[2021-08-26 17:10:06] [DEBUG] [DentistDAOH2:33] Odontólogo creado: Dentist{licenseNumber=3785, firstName=Ian, lastName=Vaernet}
[2021-08-26 17:10:06] [DEBUG] [DentistDAOH2:68] Eliminando odontólogo con ID=4...
[2021-08-26 17:10:06] [DEBUG] [DentistDAOH2:76] Odontólogo eliminado
[2021-08-26 17:10:06] [DEBUG] [DentistDAOH2:86] Obteniendo odontólogo con ID=4...
[2021-08-26 17:10:06] [WARN ] [DentistDAOH2:97] No existe ningún odontólogo con el ID proporcionado
[2021-08-26 17:10:06] [DEBUG] [DentistDAOH2:23] Creando odontólogo...
[2021-08-26 17:10:06] [DEBUG] [DentistDAOH2:33] Odontólogo creado: Dentist{licenseNumber=3785, firstName=Ian, lastName=Vaernet}
[2021-08-26 17:10:06] [DEBUG] [DentistDAOH2:108] Listando odontólogos...
[2021-08-26 17:10:06] [DEBUG] [DentistDAOH2:117] Dentist{licenseNumber=3785, firstName=Ian, lastName=Vaernet}
[2021-08-26 17:10:06] [DEBUG] [DentistDAOH2:117] Dentist{licenseNumber=3785, firstName=Ian, lastName=Vaernet}
[2021-08-26 17:10:06] [DEBUG] [DentistDAOH2:117] Dentist{licenseNumber=3785, firstName=Ian Alexis, lastName=Vaernet}
[2021-08-26 17:10:06] [DEBUG] [DentistDAOH2:117] Dentist{licenseNumber=3785, firstName=Ian, lastName=Vaernet}
